mode: atomic
github.com/ethpandaops/execution-processor/main.go:9.13,11.2 1 0
github.com/ethpandaops/execution-processor/cmd/root.go:25.54,29.3 2 0
github.com/ethpandaops/execution-processor/cmd/root.go:34.16,36.16 2 0
github.com/ethpandaops/execution-processor/cmd/root.go:36.16,38.3 1 0
github.com/ethpandaops/execution-processor/cmd/root.go:41.13,43.2 1 0
github.com/ethpandaops/execution-processor/cmd/root.go:45.20,47.2 0 0
github.com/ethpandaops/execution-processor/cmd/root.go:49.43,51.16 2 0
github.com/ethpandaops/execution-processor/cmd/root.go:51.16,53.3 1 0
github.com/ethpandaops/execution-processor/cmd/root.go:55.2,56.16 2 0
github.com/ethpandaops/execution-processor/cmd/root.go:56.16,60.3 2 0
github.com/ethpandaops/execution-processor/cmd/root.go:62.2,65.16 3 0
github.com/ethpandaops/execution-processor/cmd/root.go:65.16,67.3 1 0
github.com/ethpandaops/execution-processor/cmd/root.go:69.2,69.39 1 0
github.com/ethpandaops/execution-processor/cmd/root.go:69.39,71.3 1 0
github.com/ethpandaops/execution-processor/cmd/root.go:73.2,75.12 2 0
github.com/ethpandaops/execution-processor/cmd/root.go:78.68,79.16 1 0
github.com/ethpandaops/execution-processor/cmd/root.go:79.16,81.3 1 0
github.com/ethpandaops/execution-processor/cmd/root.go:83.2,85.45 2 0
github.com/ethpandaops/execution-processor/cmd/root.go:85.45,87.3 1 0
github.com/ethpandaops/execution-processor/cmd/root.go:89.2,90.16 2 0
github.com/ethpandaops/execution-processor/cmd/root.go:90.16,92.3 1 0
github.com/ethpandaops/execution-processor/cmd/root.go:94.2,96.67 2 0
github.com/ethpandaops/execution-processor/cmd/root.go:96.67,98.3 1 0
github.com/ethpandaops/execution-processor/cmd/root.go:100.2,100.20 1 0
github.com/ethpandaops/execution-processor/cmd/version.go:15.47,20.3 2 0
github.com/ethpandaops/execution-processor/cmd/version.go:23.13,25.2 1 0
github.com/ethpandaops/execution-processor/internal/version/version.go:12.26,14.2 1 0
github.com/ethpandaops/execution-processor/internal/version/version.go:17.28,19.2 1 0
github.com/ethpandaops/execution-processor/pkg/api/handler.go:26.108,32.2 1 0
github.com/ethpandaops/execution-processor/pkg/api/handler.go:34.54,37.2 2 0
github.com/ethpandaops/execution-processor/pkg/api/handler.go:82.76,87.16 4 0
github.com/ethpandaops/execution-processor/pkg/api/handler.go:87.16,91.3 2 0
github.com/ethpandaops/execution-processor/pkg/api/handler.go:93.2,93.40 1 0
github.com/ethpandaops/execution-processor/pkg/api/handler.go:93.40,97.3 2 0
github.com/ethpandaops/execution-processor/pkg/api/handler.go:99.2,102.16 3 0
github.com/ethpandaops/execution-processor/pkg/api/handler.go:102.16,103.10 1 0
github.com/ethpandaops/execution-processor/pkg/api/handler.go:104.47,105.104 1 0
github.com/ethpandaops/execution-processor/pkg/api/handler.go:106.57,107.110 1 0
github.com/ethpandaops/execution-processor/pkg/api/handler.go:108.11,109.81 1 0
github.com/ethpandaops/execution-processor/pkg/api/handler.go:112.3,112.9 1 0
github.com/ethpandaops/execution-processor/pkg/api/handler.go:115.2,125.41 3 0
github.com/ethpandaops/execution-processor/pkg/api/handler.go:128.79,131.40 2 0
github.com/ethpandaops/execution-processor/pkg/api/handler.go:131.40,135.3 2 0
github.com/ethpandaops/execution-processor/pkg/api/handler.go:137.2,138.61 2 0
github.com/ethpandaops/execution-processor/pkg/api/handler.go:138.61,142.3 2 0
github.com/ethpandaops/execution-processor/pkg/api/handler.go:144.2,144.26 1 0
github.com/ethpandaops/execution-processor/pkg/api/handler.go:144.26,148.3 2 0
github.com/ethpandaops/execution-processor/pkg/api/handler.go:150.2,150.37 1 0
github.com/ethpandaops/execution-processor/pkg/api/handler.go:150.37,154.3 2 0
github.com/ethpandaops/execution-processor/pkg/api/handler.go:156.2,166.41 5 0
github.com/ethpandaops/execution-processor/pkg/api/handler.go:166.41,168.17 2 0
github.com/ethpandaops/execution-processor/pkg/api/handler.go:168.17,175.4 2 0
github.com/ethpandaops/execution-processor/pkg/api/handler.go:175.9,183.4 2 0
github.com/ethpandaops/execution-processor/pkg/api/handler.go:186.2,186.9 1 0
github.com/ethpandaops/execution-processor/pkg/api/handler.go:187.66,189.51 2 0
github.com/ethpandaops/execution-processor/pkg/api/handler.go:190.35,192.59 2 0
github.com/ethpandaops/execution-processor/pkg/api/handler.go:193.10,195.42 2 0
github.com/ethpandaops/execution-processor/pkg/api/handler.go:199.125,201.2 1 0
github.com/ethpandaops/execution-processor/pkg/api/handler.go:203.54,205.2 1 0
github.com/ethpandaops/execution-processor/pkg/api/handler.go:207.82,211.56 3 0
github.com/ethpandaops/execution-processor/pkg/api/handler.go:211.56,213.3 1 0
github.com/ethpandaops/execution-processor/pkg/api/handler.go:216.128,221.24 2 0
github.com/ethpandaops/execution-processor/pkg/api/handler.go:221.24,223.3 1 0
github.com/ethpandaops/execution-processor/pkg/api/handler.go:225.2,225.25 1 0
github.com/ethpandaops/execution-processor/pkg/api/handler.go:225.25,227.3 1 0
github.com/ethpandaops/execution-processor/pkg/api/handler.go:229.2,229.30 1 0
github.com/ethpandaops/execution-processor/pkg/clickhouse/client.go:37.48,38.39 1 0
github.com/ethpandaops/execution-processor/pkg/clickhouse/client.go:38.39,40.3 1 0
github.com/ethpandaops/execution-processor/pkg/clickhouse/client.go:43.2,67.15 5 0
github.com/ethpandaops/execution-processor/pkg/clickhouse/client.go:70.32,73.21 1 0
github.com/ethpandaops/execution-processor/pkg/clickhouse/client.go:73.21,77.3 2 0
github.com/ethpandaops/execution-processor/pkg/clickhouse/client.go:80.2,83.51 3 0
github.com/ethpandaops/execution-processor/pkg/clickhouse/client.go:83.51,85.3 1 0
github.com/ethpandaops/execution-processor/pkg/clickhouse/client.go:87.2,89.12 2 0
github.com/ethpandaops/execution-processor/pkg/clickhouse/client.go:92.45,97.2 3 0
github.com/ethpandaops/execution-processor/pkg/clickhouse/client.go:99.31,103.25 3 0
github.com/ethpandaops/execution-processor/pkg/clickhouse/client.go:103.25,105.3 1 0
github.com/ethpandaops/execution-processor/pkg/clickhouse/client.go:107.2,109.12 2 0
github.com/ethpandaops/execution-processor/pkg/clickhouse/client.go:112.86,117.15 4 0
github.com/ethpandaops/execution-processor/pkg/clickhouse/client.go:117.15,119.3 1 0
github.com/ethpandaops/execution-processor/pkg/clickhouse/client.go:122.2,125.16 3 0
github.com/ethpandaops/execution-processor/pkg/clickhouse/client.go:125.16,129.3 2 0
github.com/ethpandaops/execution-processor/pkg/clickhouse/client.go:133.2,143.54 2 0
github.com/ethpandaops/execution-processor/pkg/clickhouse/client.go:143.54,147.3 2 0
github.com/ethpandaops/execution-processor/pkg/clickhouse/client.go:149.2,149.27 1 0
github.com/ethpandaops/execution-processor/pkg/clickhouse/client.go:149.27,152.3 1 0
github.com/ethpandaops/execution-processor/pkg/clickhouse/client.go:155.2,155.61 1 0
github.com/ethpandaops/execution-processor/pkg/clickhouse/client.go:155.61,159.3 2 0
github.com/ethpandaops/execution-processor/pkg/clickhouse/client.go:161.2,161.12 1 0
github.com/ethpandaops/execution-processor/pkg/clickhouse/client.go:164.87,169.15 4 0
github.com/ethpandaops/execution-processor/pkg/clickhouse/client.go:169.15,171.3 1 0
github.com/ethpandaops/execution-processor/pkg/clickhouse/client.go:174.2,175.81 2 0
github.com/ethpandaops/execution-processor/pkg/clickhouse/client.go:175.81,179.3 2 0
github.com/ethpandaops/execution-processor/pkg/clickhouse/client.go:182.2,185.16 3 0
github.com/ethpandaops/execution-processor/pkg/clickhouse/client.go:185.16,189.3 2 0
github.com/ethpandaops/execution-processor/pkg/clickhouse/client.go:193.2,203.54 2 0
github.com/ethpandaops/execution-processor/pkg/clickhouse/client.go:203.54,207.3 2 0
github.com/ethpandaops/execution-processor/pkg/clickhouse/client.go:210.2,215.35 4 0
github.com/ethpandaops/execution-processor/pkg/clickhouse/client.go:215.35,217.64 2 0
github.com/ethpandaops/execution-processor/pkg/clickhouse/client.go:217.64,221.4 2 0
github.com/ethpandaops/execution-processor/pkg/clickhouse/client.go:223.3,223.37 1 0
github.com/ethpandaops/execution-processor/pkg/clickhouse/client.go:227.2,229.12 2 0
github.com/ethpandaops/execution-processor/pkg/clickhouse/client.go:232.67,237.15 4 0
github.com/ethpandaops/execution-processor/pkg/clickhouse/client.go:237.15,239.3 1 0
github.com/ethpandaops/execution-processor/pkg/clickhouse/client.go:241.2,242.16 2 0
github.com/ethpandaops/execution-processor/pkg/clickhouse/client.go:242.16,246.3 2 0
github.com/ethpandaops/execution-processor/pkg/clickhouse/client.go:248.2,248.12 1 0
github.com/ethpandaops/execution-processor/pkg/clickhouse/client.go:251.88,256.15 4 0
github.com/ethpandaops/execution-processor/pkg/clickhouse/client.go:256.15,258.3 1 0
github.com/ethpandaops/execution-processor/pkg/clickhouse/client.go:261.2,262.39 2 0
github.com/ethpandaops/execution-processor/pkg/clickhouse/client.go:262.39,266.3 2 0
github.com/ethpandaops/execution-processor/pkg/clickhouse/client.go:268.2,268.26 1 0
github.com/ethpandaops/execution-processor/pkg/clickhouse/client.go:268.26,270.3 1 0
github.com/ethpandaops/execution-processor/pkg/clickhouse/client.go:273.2,278.39 3 0
github.com/ethpandaops/execution-processor/pkg/clickhouse/client.go:278.39,282.17 3 0
github.com/ethpandaops/execution-processor/pkg/clickhouse/client.go:282.17,286.4 2 0
github.com/ethpandaops/execution-processor/pkg/clickhouse/client.go:288.3,289.22 2 0
github.com/ethpandaops/execution-processor/pkg/clickhouse/client.go:293.2,294.16 2 0
github.com/ethpandaops/execution-processor/pkg/clickhouse/client.go:294.16,298.3 2 0
github.com/ethpandaops/execution-processor/pkg/clickhouse/client.go:300.2,300.12 1 0
github.com/ethpandaops/execution-processor/pkg/clickhouse/client.go:303.111,309.16 4 0
github.com/ethpandaops/execution-processor/pkg/clickhouse/client.go:309.16,311.3 1 0
github.com/ethpandaops/execution-processor/pkg/clickhouse/client.go:314.2,318.13 3 0
github.com/ethpandaops/execution-processor/pkg/clickhouse/client.go:318.13,321.61 2 0
github.com/ethpandaops/execution-processor/pkg/clickhouse/client.go:321.61,323.4 1 0
github.com/ethpandaops/execution-processor/pkg/clickhouse/client.go:325.3,325.73 1 0
github.com/ethpandaops/execution-processor/pkg/clickhouse/client.go:329.2,330.16 2 0
github.com/ethpandaops/execution-processor/pkg/clickhouse/client.go:330.16,332.3 1 0
github.com/ethpandaops/execution-processor/pkg/clickhouse/client.go:333.2,337.16 3 0
github.com/ethpandaops/execution-processor/pkg/clickhouse/client.go:337.16,339.3 1 0
github.com/ethpandaops/execution-processor/pkg/clickhouse/client.go:342.2,342.38 1 0
github.com/ethpandaops/execution-processor/pkg/clickhouse/client.go:342.38,344.20 2 0
github.com/ethpandaops/execution-processor/pkg/clickhouse/client.go:344.20,346.4 1 0
github.com/ethpandaops/execution-processor/pkg/clickhouse/client.go:349.3,353.95 2 0
github.com/ethpandaops/execution-processor/pkg/clickhouse/client.go:353.95,355.4 1 0
github.com/ethpandaops/execution-processor/pkg/clickhouse/client.go:357.3,357.87 1 0
github.com/ethpandaops/execution-processor/pkg/clickhouse/client.go:361.2,361.33 1 0
github.com/ethpandaops/execution-processor/pkg/clickhouse/client.go:361.33,363.3 1 0
github.com/ethpandaops/execution-processor/pkg/clickhouse/client.go:365.2,365.18 1 0
github.com/ethpandaops/execution-processor/pkg/clickhouse/client.go:368.82,370.40 1 0
github.com/ethpandaops/execution-processor/pkg/clickhouse/client.go:370.40,372.3 1 0
github.com/ethpandaops/execution-processor/pkg/clickhouse/client.go:375.2,375.19 1 0
github.com/ethpandaops/execution-processor/pkg/clickhouse/client.go:376.16,377.25 1 0
github.com/ethpandaops/execution-processor/pkg/clickhouse/client.go:378.15,379.26 1 0
github.com/ethpandaops/execution-processor/pkg/clickhouse/client.go:380.10,381.26 1 0
github.com/ethpandaops/execution-processor/pkg/clickhouse/client.go:385.117,390.15 4 0
github.com/ethpandaops/execution-processor/pkg/clickhouse/client.go:390.15,392.3 1 0
github.com/ethpandaops/execution-processor/pkg/clickhouse/client.go:395.2,397.25 2 0
github.com/ethpandaops/execution-processor/pkg/clickhouse/client.go:397.25,402.38 3 0
github.com/ethpandaops/execution-processor/pkg/clickhouse/client.go:402.38,404.29 1 0
github.com/ethpandaops/execution-processor/pkg/clickhouse/client.go:405.16,406.78 1 0
github.com/ethpandaops/execution-processor/pkg/clickhouse/client.go:407.28,408.76 1 0
github.com/ethpandaops/execution-processor/pkg/clickhouse/client.go:409.12,410.78 1 0
github.com/ethpandaops/execution-processor/pkg/clickhouse/client.go:414.3,414.49 1 0
github.com/ethpandaops/execution-processor/pkg/clickhouse/client.go:417.2,421.56 2 0
github.com/ethpandaops/execution-processor/pkg/clickhouse/client.go:421.56,425.3 2 0
github.com/ethpandaops/execution-processor/pkg/clickhouse/client.go:427.2,428.16 2 0
github.com/ethpandaops/execution-processor/pkg/clickhouse/client.go:428.16,432.3 2 0
github.com/ethpandaops/execution-processor/pkg/clickhouse/client.go:434.2,434.24 1 0
github.com/ethpandaops/execution-processor/pkg/clickhouse/client.go:438.44,444.50 3 0
github.com/ethpandaops/execution-processor/pkg/clickhouse/client.go:444.50,446.22 2 0
github.com/ethpandaops/execution-processor/pkg/clickhouse/client.go:446.22,450.4 1 0
github.com/ethpandaops/execution-processor/pkg/clickhouse/client.go:454.2,454.57 1 0
github.com/ethpandaops/execution-processor/pkg/clickhouse/client.go:454.57,459.21 3 0
github.com/ethpandaops/execution-processor/pkg/clickhouse/client.go:459.21,464.46 2 0
github.com/ethpandaops/execution-processor/pkg/clickhouse/client.go:464.46,466.5 1 0
github.com/ethpandaops/execution-processor/pkg/clickhouse/client.go:471.2,471.51 1 0
github.com/ethpandaops/execution-processor/pkg/clickhouse/client.go:471.51,473.22 2 0
github.com/ethpandaops/execution-processor/pkg/clickhouse/client.go:473.22,475.4 1 0
github.com/ethpandaops/execution-processor/pkg/clickhouse/client.go:479.2,479.49 1 0
github.com/ethpandaops/execution-processor/pkg/clickhouse/client.go:479.49,481.22 2 0
github.com/ethpandaops/execution-processor/pkg/clickhouse/client.go:481.22,483.4 1 0
github.com/ethpandaops/execution-processor/pkg/clickhouse/client.go:486.2,486.11 1 0
github.com/ethpandaops/execution-processor/pkg/clickhouse/client.go:489.103,493.32 2 0
github.com/ethpandaops/execution-processor/pkg/clickhouse/client.go:493.32,495.3 1 0
github.com/ethpandaops/execution-processor/pkg/clickhouse/client.go:495.8,498.3 1 0
github.com/ethpandaops/execution-processor/pkg/clickhouse/client.go:501.2,502.109 2 0
github.com/ethpandaops/execution-processor/pkg/clickhouse/config.go:19.35,20.17 1 0
github.com/ethpandaops/execution-processor/pkg/clickhouse/config.go:20.17,22.3 1 0
github.com/ethpandaops/execution-processor/pkg/clickhouse/config.go:24.2,24.12 1 0
github.com/ethpandaops/execution-processor/pkg/clickhouse/config.go:27.32,28.25 1 0
github.com/ethpandaops/execution-processor/pkg/clickhouse/config.go:28.25,30.3 1 0
github.com/ethpandaops/execution-processor/pkg/clickhouse/config.go:32.2,32.26 1 0
github.com/ethpandaops/execution-processor/pkg/clickhouse/config.go:32.26,34.3 1 0
github.com/ethpandaops/execution-processor/pkg/clickhouse/config.go:36.2,36.22 1 0
github.com/ethpandaops/execution-processor/pkg/clickhouse/config.go:36.22,38.3 1 0
github.com/ethpandaops/execution-processor/pkg/clickhouse/mock.go:34.34,36.81 1 0
github.com/ethpandaops/execution-processor/pkg/clickhouse/mock.go:36.81,38.4 1 0
github.com/ethpandaops/execution-processor/pkg/clickhouse/mock.go:39.82,41.4 1 0
github.com/ethpandaops/execution-processor/pkg/clickhouse/mock.go:42.62,44.4 1 0
github.com/ethpandaops/execution-processor/pkg/clickhouse/mock.go:45.83,47.4 1 0
github.com/ethpandaops/execution-processor/pkg/clickhouse/mock.go:48.27,50.4 1 0
github.com/ethpandaops/execution-processor/pkg/clickhouse/mock.go:51.26,53.4 1 0
github.com/ethpandaops/execution-processor/pkg/clickhouse/mock.go:59.90,65.27 2 0
github.com/ethpandaops/execution-processor/pkg/clickhouse/mock.go:65.27,67.3 1 0
github.com/ethpandaops/execution-processor/pkg/clickhouse/mock.go:69.2,69.12 1 0
github.com/ethpandaops/execution-processor/pkg/clickhouse/mock.go:73.91,79.28 2 0
github.com/ethpandaops/execution-processor/pkg/clickhouse/mock.go:79.28,81.3 1 0
github.com/ethpandaops/execution-processor/pkg/clickhouse/mock.go:83.2,83.12 1 0
github.com/ethpandaops/execution-processor/pkg/clickhouse/mock.go:87.71,93.26 2 0
github.com/ethpandaops/execution-processor/pkg/clickhouse/mock.go:93.26,95.3 1 0
github.com/ethpandaops/execution-processor/pkg/clickhouse/mock.go:97.2,97.12 1 0
github.com/ethpandaops/execution-processor/pkg/clickhouse/mock.go:101.92,107.29 2 0
github.com/ethpandaops/execution-processor/pkg/clickhouse/mock.go:107.29,109.3 1 0
github.com/ethpandaops/execution-processor/pkg/clickhouse/mock.go:111.2,111.12 1 0
github.com/ethpandaops/execution-processor/pkg/clickhouse/mock.go:115.36,121.24 2 0
github.com/ethpandaops/execution-processor/pkg/clickhouse/mock.go:121.24,123.3 1 0
github.com/ethpandaops/execution-processor/pkg/clickhouse/mock.go:125.2,125.12 1 0
github.com/ethpandaops/execution-processor/pkg/clickhouse/mock.go:129.35,135.23 2 0
github.com/ethpandaops/execution-processor/pkg/clickhouse/mock.go:135.23,137.3 1 0
github.com/ethpandaops/execution-processor/pkg/clickhouse/mock.go:139.2,139.12 1 0
github.com/ethpandaops/execution-processor/pkg/clickhouse/mock.go:143.54,146.31 2 0
github.com/ethpandaops/execution-processor/pkg/clickhouse/mock.go:146.31,147.28 1 0
github.com/ethpandaops/execution-processor/pkg/clickhouse/mock.go:147.28,149.4 1 0
github.com/ethpandaops/execution-processor/pkg/clickhouse/mock.go:152.2,152.14 1 0
github.com/ethpandaops/execution-processor/pkg/clickhouse/mock.go:156.52,158.2 1 0
github.com/ethpandaops/execution-processor/pkg/clickhouse/mock.go:161.30,163.2 1 0
github.com/ethpandaops/execution-processor/pkg/clickhouse/mock.go:168.60,169.83 1 0
github.com/ethpandaops/execution-processor/pkg/clickhouse/mock.go:169.83,172.17 2 0
github.com/ethpandaops/execution-processor/pkg/clickhouse/mock.go:172.17,174.4 1 0
github.com/ethpandaops/execution-processor/pkg/clickhouse/mock.go:176.3,176.40 1 0
github.com/ethpandaops/execution-processor/pkg/clickhouse/mock.go:181.61,182.84 1 0
github.com/ethpandaops/execution-processor/pkg/clickhouse/mock.go:182.84,187.76 3 0
github.com/ethpandaops/execution-processor/pkg/clickhouse/mock.go:187.76,189.4 1 0
github.com/ethpandaops/execution-processor/pkg/clickhouse/mock.go:191.3,193.13 2 0
github.com/ethpandaops/execution-processor/pkg/clickhouse/mock.go:198.42,199.83 1 0
github.com/ethpandaops/execution-processor/pkg/clickhouse/mock.go:199.83,201.3 1 0
github.com/ethpandaops/execution-processor/pkg/clickhouse/mock.go:202.2,202.84 1 0
github.com/ethpandaops/execution-processor/pkg/clickhouse/mock.go:202.84,204.3 1 0
github.com/ethpandaops/execution-processor/pkg/clickhouse/mock.go:205.2,205.64 1 0
github.com/ethpandaops/execution-processor/pkg/clickhouse/mock.go:205.64,207.3 1 0
github.com/ethpandaops/execution-processor/pkg/clickhouse/mock.go:208.2,208.85 1 0
github.com/ethpandaops/execution-processor/pkg/clickhouse/mock.go:208.85,210.3 1 0
github.com/ethpandaops/execution-processor/pkg/clickhouse/mock.go:211.2,211.29 1 0
github.com/ethpandaops/execution-processor/pkg/clickhouse/mock.go:211.29,213.3 1 0
github.com/ethpandaops/execution-processor/pkg/clickhouse/mock.go:214.2,214.28 1 0
github.com/ethpandaops/execution-processor/pkg/clickhouse/mock.go:214.28,216.3 1 0
github.com/ethpandaops/execution-processor/pkg/ethereum/config.go:16.35,17.40 1 0
github.com/ethpandaops/execution-processor/pkg/ethereum/config.go:17.40,18.46 1 0
github.com/ethpandaops/execution-processor/pkg/ethereum/config.go:18.46,20.4 1 0
github.com/ethpandaops/execution-processor/pkg/ethereum/config.go:23.2,23.12 1 0
github.com/ethpandaops/execution-processor/pkg/ethereum/metrics.go:18.52,19.17 1 0
github.com/ethpandaops/execution-processor/pkg/ethereum/metrics.go:19.17,29.3 2 0
github.com/ethpandaops/execution-processor/pkg/ethereum/metrics.go:31.2,31.24 1 0
github.com/ethpandaops/execution-processor/pkg/ethereum/metrics.go:34.65,35.37 1 0
github.com/ethpandaops/execution-processor/pkg/ethereum/metrics.go:35.37,37.3 1 0
github.com/ethpandaops/execution-processor/pkg/ethereum/metrics.go:39.2,39.52 1 0
github.com/ethpandaops/execution-processor/pkg/ethereum/network.go:20.59,22.13 2 0
github.com/ethpandaops/execution-processor/pkg/ethereum/network.go:22.13,24.3 1 0
github.com/ethpandaops/execution-processor/pkg/ethereum/network.go:26.2,26.22 1 0
github.com/ethpandaops/execution-processor/pkg/ethereum/pool.go:30.78,40.43 3 0
github.com/ethpandaops/execution-processor/pkg/ethereum/pool.go:40.43,43.3 2 0
github.com/ethpandaops/execution-processor/pkg/ethereum/pool.go:45.2,45.10 1 0
github.com/ethpandaops/execution-processor/pkg/ethereum/pool.go:48.41,50.2 1 0
github.com/ethpandaops/execution-processor/pkg/ethereum/pool.go:52.48,56.52 3 0
github.com/ethpandaops/execution-processor/pkg/ethereum/pool.go:56.52,57.16 1 0
github.com/ethpandaops/execution-processor/pkg/ethereum/pool.go:57.16,59.4 1 0
github.com/ethpandaops/execution-processor/pkg/ethereum/pool.go:62.2,62.14 1 0
github.com/ethpandaops/execution-processor/pkg/ethereum/pool.go:65.61,71.53 4 0
github.com/ethpandaops/execution-processor/pkg/ethereum/pool.go:71.53,72.14 1 0
github.com/ethpandaops/execution-processor/pkg/ethereum/pool.go:72.14,74.4 1 0
github.com/ethpandaops/execution-processor/pkg/ethereum/pool.go:77.2,77.21 1 0
github.com/ethpandaops/execution-processor/pkg/ethereum/pool.go:80.58,86.53 4 0
github.com/ethpandaops/execution-processor/pkg/ethereum/pool.go:86.53,87.14 1 0
github.com/ethpandaops/execution-processor/pkg/ethereum/pool.go:87.14,89.4 1 0
github.com/ethpandaops/execution-processor/pkg/ethereum/pool.go:92.2,92.28 1 0
github.com/ethpandaops/execution-processor/pkg/ethereum/pool.go:92.28,94.3 1 0
github.com/ethpandaops/execution-processor/pkg/ethereum/pool.go:97.2,97.51 1 0
github.com/ethpandaops/execution-processor/pkg/ethereum/pool.go:100.90,102.32 1 0
github.com/ethpandaops/execution-processor/pkg/ethereum/pool.go:102.32,104.3 1 0
github.com/ethpandaops/execution-processor/pkg/ethereum/pool.go:106.2,122.12 8 0
github.com/ethpandaops/execution-processor/pkg/ethereum/pool.go:122.12,125.7 2 0
github.com/ethpandaops/execution-processor/pkg/ethereum/pool.go:125.7,126.11 1 0
github.com/ethpandaops/execution-processor/pkg/ethereum/pool.go:127.22,128.11 1 0
github.com/ethpandaops/execution-processor/pkg/ethereum/pool.go:129.22,131.11 1 0
github.com/ethpandaops/execution-processor/pkg/ethereum/pool.go:132.29,140.55 4 0
github.com/ethpandaops/execution-processor/pkg/ethereum/pool.go:140.55,141.19 1 0
github.com/ethpandaops/execution-processor/pkg/ethereum/pool.go:141.19,143.7 1 0
github.com/ethpandaops/execution-processor/pkg/ethereum/pool.go:146.5,153.53 2 0
github.com/ethpandaops/execution-processor/pkg/ethereum/pool.go:159.2,159.6 1 0
github.com/ethpandaops/execution-processor/pkg/ethereum/pool.go:159.6,163.27 2 0
github.com/ethpandaops/execution-processor/pkg/ethereum/pool.go:163.27,165.4 1 0
github.com/ethpandaops/execution-processor/pkg/ethereum/pool.go:167.3,167.55 1 0
github.com/ethpandaops/execution-processor/pkg/ethereum/pool.go:167.55,176.4 3 0
github.com/ethpandaops/execution-processor/pkg/ethereum/pool.go:178.3,178.10 1 0
github.com/ethpandaops/execution-processor/pkg/ethereum/pool.go:179.21,183.25 2 0
github.com/ethpandaops/execution-processor/pkg/ethereum/pool.go:184.34,184.34 0 0
github.com/ethpandaops/execution-processor/pkg/ethereum/pool.go:189.43,195.40 3 0
github.com/ethpandaops/execution-processor/pkg/ethereum/pool.go:195.40,196.21 1 0
github.com/ethpandaops/execution-processor/pkg/ethereum/pool.go:196.21,197.59 1 0
github.com/ethpandaops/execution-processor/pkg/ethereum/pool.go:197.59,203.5 4 0
github.com/ethpandaops/execution-processor/pkg/ethereum/pool.go:205.4,205.26 1 0
github.com/ethpandaops/execution-processor/pkg/ethereum/pool.go:210.2,210.12 1 0
github.com/ethpandaops/execution-processor/pkg/ethereum/pool.go:210.12,214.7 3 0
github.com/ethpandaops/execution-processor/pkg/ethereum/pool.go:214.7,215.11 1 0
github.com/ethpandaops/execution-processor/pkg/ethereum/pool.go:216.22,217.11 1 0
github.com/ethpandaops/execution-processor/pkg/ethereum/pool.go:218.20,226.27 5 0
github.com/ethpandaops/execution-processor/pkg/ethereum/pool.go:231.2,231.12 1 0
github.com/ethpandaops/execution-processor/pkg/ethereum/pool.go:231.12,235.7 3 0
github.com/ethpandaops/execution-processor/pkg/ethereum/pool.go:235.7,236.11 1 0
github.com/ethpandaops/execution-processor/pkg/ethereum/pool.go:237.22,238.11 1 0
github.com/ethpandaops/execution-processor/pkg/ethereum/pool.go:239.20,240.26 1 0
github.com/ethpandaops/execution-processor/pkg/ethereum/pool.go:245.2,245.12 1 0
github.com/ethpandaops/execution-processor/pkg/ethereum/pool.go:245.12,246.34 1 0
github.com/ethpandaops/execution-processor/pkg/ethereum/pool.go:246.34,247.24 1 0
github.com/ethpandaops/execution-processor/pkg/ethereum/pool.go:247.24,249.5 1 0
github.com/ethpandaops/execution-processor/pkg/ethereum/pool.go:251.4,251.47 1 0
github.com/ethpandaops/execution-processor/pkg/ethereum/pool.go:256.36,264.2 6 0
github.com/ethpandaops/execution-processor/pkg/ethereum/pool.go:267.48,271.21 2 0
github.com/ethpandaops/execution-processor/pkg/ethereum/pool.go:271.21,273.3 1 0
github.com/ethpandaops/execution-processor/pkg/ethereum/pool.go:276.2,278.12 2 0
github.com/ethpandaops/execution-processor/pkg/ethereum/pool.go:278.12,281.3 2 0
github.com/ethpandaops/execution-processor/pkg/ethereum/pool.go:283.2,283.9 1 0
github.com/ethpandaops/execution-processor/pkg/ethereum/pool.go:284.14,285.55 1 0
github.com/ethpandaops/execution-processor/pkg/ethereum/pool.go:286.20,287.60 1 0
github.com/ethpandaops/execution-processor/pkg/ethereum/pool.go:291.2,291.40 1 0
github.com/ethpandaops/execution-processor/pkg/ethereum/pool.go:291.40,292.40 1 0
github.com/ethpandaops/execution-processor/pkg/ethereum/pool.go:292.40,294.4 1 0
github.com/ethpandaops/execution-processor/pkg/ethereum/pool.go:297.2,297.12 1 0
github.com/ethpandaops/execution-processor/pkg/ethereum/pool.go:302.69,304.80 1 0
github.com/ethpandaops/execution-processor/pkg/ethereum/pool.go:304.80,309.3 1 0
github.com/ethpandaops/execution-processor/pkg/ethereum/pool.go:312.2,312.37 1 0
github.com/ethpandaops/execution-processor/pkg/ethereum/execution/config.go:14.35,15.25 1 0
github.com/ethpandaops/execution-processor/pkg/ethereum/execution/config.go:15.25,17.3 1 0
github.com/ethpandaops/execution-processor/pkg/ethereum/execution/config.go:19.2,19.12 1 0
github.com/ethpandaops/execution-processor/pkg/ethereum/execution/node.go:24.80,26.36 1 0
github.com/ethpandaops/execution-processor/pkg/ethereum/execution/node.go:26.36,28.3 1 0
github.com/ethpandaops/execution-processor/pkg/ethereum/execution/node.go:31.2,31.32 1 0
github.com/ethpandaops/execution-processor/pkg/ethereum/execution/node.go:31.32,33.3 1 0
github.com/ethpandaops/execution-processor/pkg/ethereum/execution/node.go:36.2,36.30 1 0
github.com/ethpandaops/execution-processor/pkg/ethereum/execution/node.go:56.58,62.2 1 0
github.com/ethpandaops/execution-processor/pkg/ethereum/execution/node.go:64.85,66.2 1 0
github.com/ethpandaops/execution-processor/pkg/ethereum/execution/node.go:68.49,107.16 9 0
github.com/ethpandaops/execution-processor/pkg/ethereum/execution/node.go:107.16,111.3 2 0
github.com/ethpandaops/execution-processor/pkg/ethereum/execution/node.go:114.2,128.12 8 0
github.com/ethpandaops/execution-processor/pkg/ethereum/execution/node.go:128.12,131.38 2 0
github.com/ethpandaops/execution-processor/pkg/ethereum/execution/node.go:131.38,139.60 4 0
github.com/ethpandaops/execution-processor/pkg/ethereum/execution/node.go:139.60,145.5 3 0
github.com/ethpandaops/execution-processor/pkg/ethereum/execution/node.go:147.4,152.14 3 0
github.com/ethpandaops/execution-processor/pkg/ethereum/execution/node.go:152.14,155.50 2 0
github.com/ethpandaops/execution-processor/pkg/ethereum/execution/node.go:155.50,156.30 1 0
github.com/ethpandaops/execution-processor/pkg/ethereum/execution/node.go:156.30,161.7 2 0
github.com/ethpandaops/execution-processor/pkg/ethereum/execution/node.go:165.4,167.17 2 0
github.com/ethpandaops/execution-processor/pkg/ethereum/execution/node.go:170.3,177.47 4 0
github.com/ethpandaops/execution-processor/pkg/ethereum/execution/node.go:177.47,181.48 2 0
github.com/ethpandaops/execution-processor/pkg/ethereum/execution/node.go:181.48,185.5 2 0
github.com/ethpandaops/execution-processor/pkg/ethereum/execution/node.go:187.4,187.20 1 0
github.com/ethpandaops/execution-processor/pkg/ethereum/execution/node.go:190.3,190.46 1 0
github.com/ethpandaops/execution-processor/pkg/ethereum/execution/node.go:193.2,193.12 1 0
github.com/ethpandaops/execution-processor/pkg/ethereum/execution/node.go:196.48,202.21 3 0
github.com/ethpandaops/execution-processor/pkg/ethereum/execution/node.go:202.21,204.3 1 0
github.com/ethpandaops/execution-processor/pkg/ethereum/execution/node.go:206.2,211.12 3 0
github.com/ethpandaops/execution-processor/pkg/ethereum/execution/node.go:211.12,214.3 2 0
github.com/ethpandaops/execution-processor/pkg/ethereum/execution/node.go:216.2,216.9 1 0
github.com/ethpandaops/execution-processor/pkg/ethereum/execution/node.go:217.14,218.55 1 0
github.com/ethpandaops/execution-processor/pkg/ethereum/execution/node.go:219.20,220.60 1 0
github.com/ethpandaops/execution-processor/pkg/ethereum/execution/node.go:224.2,224.37 1 0
github.com/ethpandaops/execution-processor/pkg/ethereum/execution/node.go:224.37,225.43 1 0
github.com/ethpandaops/execution-processor/pkg/ethereum/execution/node.go:225.43,227.4 1 0
github.com/ethpandaops/execution-processor/pkg/ethereum/execution/node.go:230.2,230.12 1 0
github.com/ethpandaops/execution-processor/pkg/ethereum/execution/node.go:233.79,234.37 1 0
github.com/ethpandaops/execution-processor/pkg/ethereum/execution/node.go:234.37,235.29 1 0
github.com/ethpandaops/execution-processor/pkg/ethereum/execution/node.go:235.29,237.4 1 0
github.com/ethpandaops/execution-processor/pkg/ethereum/execution/node.go:240.2,240.45 1 0
github.com/ethpandaops/execution-processor/pkg/ethereum/execution/node.go:243.53,245.16 2 0
github.com/ethpandaops/execution-processor/pkg/ethereum/execution/node.go:245.16,248.3 1 0
github.com/ethpandaops/execution-processor/pkg/ethereum/execution/node.go:250.2,251.9 2 0
github.com/ethpandaops/execution-processor/pkg/ethereum/execution/node.go:251.9,253.3 1 0
github.com/ethpandaops/execution-processor/pkg/ethereum/execution/node.go:255.2,255.12 1 0
github.com/ethpandaops/execution-processor/pkg/ethereum/execution/node.go:258.30,260.2 1 0
github.com/ethpandaops/execution-processor/pkg/ethereum/execution/rpc.go:22.66,31.16 5 0
github.com/ethpandaops/execution-processor/pkg/ethereum/execution/rpc.go:31.16,33.3 1 0
github.com/ethpandaops/execution-processor/pkg/ethereum/execution/rpc.go:35.2,40.16 4 0
github.com/ethpandaops/execution-processor/pkg/ethereum/execution/rpc.go:40.16,42.3 1 0
github.com/ethpandaops/execution-processor/pkg/ethereum/execution/rpc.go:44.2,44.26 1 0
github.com/ethpandaops/execution-processor/pkg/ethereum/execution/rpc.go:47.95,56.16 5 0
github.com/ethpandaops/execution-processor/pkg/ethereum/execution/rpc.go:56.16,58.3 1 0
github.com/ethpandaops/execution-processor/pkg/ethereum/execution/rpc.go:60.2,65.16 4 0
github.com/ethpandaops/execution-processor/pkg/ethereum/execution/rpc.go:65.16,67.3 1 0
github.com/ethpandaops/execution-processor/pkg/ethereum/execution/rpc.go:69.2,69.19 1 0
github.com/ethpandaops/execution-processor/pkg/ethereum/execution/rpc.go:73.62,83.2 1 0
github.com/ethpandaops/execution-processor/pkg/ethereum/execution/rpc.go:86.122,97.16 6 0
github.com/ethpandaops/execution-processor/pkg/ethereum/execution/rpc.go:97.16,99.3 1 0
github.com/ethpandaops/execution-processor/pkg/ethereum/execution/rpc.go:101.2,106.16 4 0
github.com/ethpandaops/execution-processor/pkg/ethereum/execution/rpc.go:106.16,108.3 1 0
github.com/ethpandaops/execution-processor/pkg/ethereum/execution/rpc.go:110.2,111.72 2 0
github.com/ethpandaops/execution-processor/pkg/ethereum/execution/rpc.go:111.72,113.3 1 0
github.com/ethpandaops/execution-processor/pkg/ethereum/execution/rpc.go:115.2,123.37 2 0
github.com/ethpandaops/execution-processor/pkg/ethereum/execution/rpc.go:123.37,126.28 2 0
github.com/ethpandaops/execution-processor/pkg/ethereum/execution/rpc.go:126.28,129.4 2 0
github.com/ethpandaops/execution-processor/pkg/ethereum/execution/rpc.go:131.3,141.5 1 0
github.com/ethpandaops/execution-processor/pkg/ethereum/execution/rpc.go:144.2,144.20 1 0
github.com/ethpandaops/execution-processor/pkg/ethereum/execution/rpc.go:148.99,159.16 6 0
github.com/ethpandaops/execution-processor/pkg/ethereum/execution/rpc.go:159.16,161.3 1 0
github.com/ethpandaops/execution-processor/pkg/ethereum/execution/rpc.go:163.2,179.16 4 0
github.com/ethpandaops/execution-processor/pkg/ethereum/execution/rpc.go:179.16,181.3 1 0
github.com/ethpandaops/execution-processor/pkg/ethereum/execution/rpc.go:183.2,183.22 1 0
github.com/ethpandaops/execution-processor/pkg/ethereum/execution/rpc.go:187.93,198.16 6 0
github.com/ethpandaops/execution-processor/pkg/ethereum/execution/rpc.go:198.16,200.3 1 0
github.com/ethpandaops/execution-processor/pkg/ethereum/execution/rpc.go:202.2,218.16 4 0
github.com/ethpandaops/execution-processor/pkg/ethereum/execution/rpc.go:218.16,220.3 1 0
github.com/ethpandaops/execution-processor/pkg/ethereum/execution/rpc.go:222.2,222.21 1 0
github.com/ethpandaops/execution-processor/pkg/ethereum/execution/rpc.go:226.143,228.52 1 0
github.com/ethpandaops/execution-processor/pkg/ethereum/execution/rpc.go:228.52,234.3 3 0
github.com/ethpandaops/execution-processor/pkg/ethereum/execution/rpc.go:236.2,238.16 2 0
github.com/ethpandaops/execution-processor/pkg/ethereum/execution/rpc.go:239.14,240.50 1 0
github.com/ethpandaops/execution-processor/pkg/ethereum/execution/rpc.go:241.20,242.56 1 0
github.com/ethpandaops/execution-processor/pkg/ethereum/execution/rpc.go:243.14,244.50 1 0
github.com/ethpandaops/execution-processor/pkg/ethereum/execution/rpc.go:245.14,246.50 1 0
github.com/ethpandaops/execution-processor/pkg/ethereum/execution/rpc.go:247.16,248.54 1 0
github.com/ethpandaops/execution-processor/pkg/ethereum/execution/rpc.go:249.10,251.54 1 0
github.com/ethpandaops/execution-processor/pkg/ethereum/execution/types.go:12.41,19.2 1 0
github.com/ethpandaops/execution-processor/pkg/ethereum/execution/types.go:22.39,29.2 1 0
github.com/ethpandaops/execution-processor/pkg/ethereum/execution/services/client.go:29.45,32.39 2 0
github.com/ethpandaops/execution-processor/pkg/ethereum/execution/services/client.go:32.39,34.3 1 0
github.com/ethpandaops/execution-processor/pkg/ethereum/execution/services/client.go:36.2,36.45 1 0
github.com/ethpandaops/execution-processor/pkg/ethereum/execution/services/client.go:36.45,38.3 1 0
github.com/ethpandaops/execution-processor/pkg/ethereum/execution/services/client.go:40.2,40.39 1 0
github.com/ethpandaops/execution-processor/pkg/ethereum/execution/services/client.go:40.39,42.3 1 0
github.com/ethpandaops/execution-processor/pkg/ethereum/execution/services/client.go:44.2,44.41 1 0
github.com/ethpandaops/execution-processor/pkg/ethereum/execution/services/client.go:44.41,46.3 1 0
github.com/ethpandaops/execution-processor/pkg/ethereum/execution/services/client.go:48.2,48.39 1 0
github.com/ethpandaops/execution-processor/pkg/ethereum/execution/services/client.go:48.39,50.3 1 0
github.com/ethpandaops/execution-processor/pkg/ethereum/execution/services/client.go:52.2,52.45 1 0
github.com/ethpandaops/execution-processor/pkg/ethereum/execution/services/client.go:52.45,54.3 1 0
github.com/ethpandaops/execution-processor/pkg/ethereum/execution/services/client.go:56.2,56.22 1 0
github.com/ethpandaops/execution-processor/pkg/ethereum/execution/services/metadata.go:34.88,41.2 1 0
github.com/ethpandaops/execution-processor/pkg/ethereum/execution/services/metadata.go:43.60,46.12 2 0
github.com/ethpandaops/execution-processor/pkg/ethereum/execution/services/metadata.go:46.12,55.29 6 0
github.com/ethpandaops/execution-processor/pkg/ethereum/execution/services/metadata.go:55.29,58.44 2 0
github.com/ethpandaops/execution-processor/pkg/ethereum/execution/services/metadata.go:58.44,62.5 2 0
github.com/ethpandaops/execution-processor/pkg/ethereum/execution/services/metadata.go:65.4,65.39 1 0
github.com/ethpandaops/execution-processor/pkg/ethereum/execution/services/metadata.go:65.39,69.5 2 0
github.com/ethpandaops/execution-processor/pkg/ethereum/execution/services/metadata.go:71.4,76.14 2 0
github.com/ethpandaops/execution-processor/pkg/ethereum/execution/services/metadata.go:79.3,79.53 1 0
github.com/ethpandaops/execution-processor/pkg/ethereum/execution/services/metadata.go:79.53,83.4 2 0
github.com/ethpandaops/execution-processor/pkg/ethereum/execution/services/metadata.go:86.3,86.41 1 0
github.com/ethpandaops/execution-processor/pkg/ethereum/execution/services/metadata.go:86.41,87.34 1 0
github.com/ethpandaops/execution-processor/pkg/ethereum/execution/services/metadata.go:87.34,89.5 1 0
github.com/ethpandaops/execution-processor/pkg/ethereum/execution/services/metadata.go:92.3,95.55 1 0
github.com/ethpandaops/execution-processor/pkg/ethereum/execution/services/metadata.go:98.2,100.39 2 0
github.com/ethpandaops/execution-processor/pkg/ethereum/execution/services/metadata.go:100.39,106.3 3 0
github.com/ethpandaops/execution-processor/pkg/ethereum/execution/services/metadata.go:106.17,108.3 1 0
github.com/ethpandaops/execution-processor/pkg/ethereum/execution/services/metadata.go:110.2,110.40 1 0
github.com/ethpandaops/execution-processor/pkg/ethereum/execution/services/metadata.go:110.40,115.53 3 0
github.com/ethpandaops/execution-processor/pkg/ethereum/execution/services/metadata.go:115.53,117.4 1 0
github.com/ethpandaops/execution-processor/pkg/ethereum/execution/services/metadata.go:118.17,120.3 1 0
github.com/ethpandaops/execution-processor/pkg/ethereum/execution/services/metadata.go:122.2,124.12 2 0
github.com/ethpandaops/execution-processor/pkg/ethereum/execution/services/metadata.go:127.39,129.2 1 0
github.com/ethpandaops/execution-processor/pkg/ethereum/execution/services/metadata.go:131.59,133.2 1 0
github.com/ethpandaops/execution-processor/pkg/ethereum/execution/services/metadata.go:135.88,137.2 1 0
github.com/ethpandaops/execution-processor/pkg/ethereum/execution/services/metadata.go:139.60,140.25 1 0
github.com/ethpandaops/execution-processor/pkg/ethereum/execution/services/metadata.go:140.25,142.3 1 0
github.com/ethpandaops/execution-processor/pkg/ethereum/execution/services/metadata.go:144.2,144.20 1 0
github.com/ethpandaops/execution-processor/pkg/ethereum/execution/services/metadata.go:144.20,146.3 1 0
github.com/ethpandaops/execution-processor/pkg/ethereum/execution/services/metadata.go:148.2,148.12 1 0
github.com/ethpandaops/execution-processor/pkg/ethereum/execution/services/metadata.go:151.82,155.16 3 0
github.com/ethpandaops/execution-processor/pkg/ethereum/execution/services/metadata.go:155.16,157.3 1 0
github.com/ethpandaops/execution-processor/pkg/ethereum/execution/services/metadata.go:159.2,159.21 1 0
github.com/ethpandaops/execution-processor/pkg/ethereum/execution/services/metadata.go:162.75,166.16 3 0
github.com/ethpandaops/execution-processor/pkg/ethereum/execution/services/metadata.go:166.16,168.3 1 0
github.com/ethpandaops/execution-processor/pkg/ethereum/execution/services/metadata.go:170.2,177.16 4 0
github.com/ethpandaops/execution-processor/pkg/ethereum/execution/services/metadata.go:177.16,185.3 2 0
github.com/ethpandaops/execution-processor/pkg/ethereum/execution/services/metadata.go:187.2,189.27 2 0
github.com/ethpandaops/execution-processor/pkg/ethereum/execution/services/metadata.go:192.65,195.16 2 0
github.com/ethpandaops/execution-processor/pkg/ethereum/execution/services/metadata.go:195.16,197.3 1 0
github.com/ethpandaops/execution-processor/pkg/ethereum/execution/services/metadata.go:199.2,203.16 3 0
github.com/ethpandaops/execution-processor/pkg/ethereum/execution/services/metadata.go:203.16,205.3 1 0
github.com/ethpandaops/execution-processor/pkg/ethereum/execution/services/metadata.go:207.2,207.20 1 0
github.com/ethpandaops/execution-processor/pkg/ethereum/execution/services/metadata.go:207.20,209.3 1 0
github.com/ethpandaops/execution-processor/pkg/ethereum/execution/services/metadata.go:211.2,213.12 2 0
github.com/ethpandaops/execution-processor/pkg/ethereum/execution/services/metadata.go:216.62,218.2 1 0
github.com/ethpandaops/execution-processor/pkg/ethereum/execution/services/metadata.go:220.50,222.2 1 0
github.com/ethpandaops/execution-processor/pkg/ethereum/execution/services/metadata.go:224.71,228.16 3 0
github.com/ethpandaops/execution-processor/pkg/ethereum/execution/services/metadata.go:228.16,230.3 1 0
github.com/ethpandaops/execution-processor/pkg/ethereum/execution/services/metadata.go:233.2,233.25 1 0
github.com/ethpandaops/execution-processor/pkg/ethereum/execution/services/metadata.go:234.12,235.16 1 0
github.com/ethpandaops/execution-processor/pkg/ethereum/execution/services/metadata.go:236.30,238.19 1 0
github.com/ethpandaops/execution-processor/pkg/ethereum/execution/services/metadata.go:239.10,240.27 1 0
github.com/ethpandaops/execution-processor/pkg/ethereum/execution/services/metadata.go:243.2,243.12 1 0
github.com/ethpandaops/execution-processor/pkg/ethereum/execution/services/metadata.go:246.43,248.2 1 0
github.com/ethpandaops/execution-processor/pkg/ethereum/execution/services/metadata.go:250.43,252.2 1 0
github.com/ethpandaops/execution-processor/pkg/leaderelection/interface.go:41.30,47.2 1 0
github.com/ethpandaops/execution-processor/pkg/leaderelection/redis_election.go:37.123,38.19 1 0
github.com/ethpandaops/execution-processor/pkg/leaderelection/redis_election.go:38.19,40.3 1 0
github.com/ethpandaops/execution-processor/pkg/leaderelection/redis_election.go:43.2,44.18 2 0
github.com/ethpandaops/execution-processor/pkg/leaderelection/redis_election.go:44.18,47.45 2 0
github.com/ethpandaops/execution-processor/pkg/leaderelection/redis_election.go:47.45,49.4 1 0
github.com/ethpandaops/execution-processor/pkg/leaderelection/redis_election.go:51.3,51.37 1 0
github.com/ethpandaops/execution-processor/pkg/leaderelection/redis_election.go:55.2,58.21 3 0
github.com/ethpandaops/execution-processor/pkg/leaderelection/redis_election.go:58.21,60.3 1 0
github.com/ethpandaops/execution-processor/pkg/leaderelection/redis_election.go:62.2,71.8 1 0
github.com/ethpandaops/execution-processor/pkg/leaderelection/redis_election.go:75.57,86.2 5 0
github.com/ethpandaops/execution-processor/pkg/leaderelection/redis_election.go:89.56,92.15 2 0
github.com/ethpandaops/execution-processor/pkg/leaderelection/redis_election.go:92.15,96.3 2 0
github.com/ethpandaops/execution-processor/pkg/leaderelection/redis_election.go:98.2,107.18 6 0
github.com/ethpandaops/execution-processor/pkg/leaderelection/redis_election.go:107.18,116.50 6 0
github.com/ethpandaops/execution-processor/pkg/leaderelection/redis_election.go:116.50,119.4 2 0
github.com/ethpandaops/execution-processor/pkg/leaderelection/redis_election.go:122.2,124.12 2 0
github.com/ethpandaops/execution-processor/pkg/leaderelection/redis_election.go:128.40,133.2 3 0
github.com/ethpandaops/execution-processor/pkg/leaderelection/redis_election.go:136.56,138.2 1 0
github.com/ethpandaops/execution-processor/pkg/leaderelection/redis_election.go:141.54,146.22 4 0
github.com/ethpandaops/execution-processor/pkg/leaderelection/redis_election.go:146.22,148.3 1 0
github.com/ethpandaops/execution-processor/pkg/leaderelection/redis_election.go:150.2,150.16 1 0
github.com/ethpandaops/execution-processor/pkg/leaderelection/redis_election.go:150.16,152.3 1 0
github.com/ethpandaops/execution-processor/pkg/leaderelection/redis_election.go:154.2,154.17 1 0
github.com/ethpandaops/execution-processor/pkg/leaderelection/redis_election.go:158.49,165.33 4 0
github.com/ethpandaops/execution-processor/pkg/leaderelection/redis_election.go:165.33,167.3 1 0
github.com/ethpandaops/execution-processor/pkg/leaderelection/redis_election.go:169.2,169.6 1 0
github.com/ethpandaops/execution-processor/pkg/leaderelection/redis_election.go:169.6,170.10 1 0
github.com/ethpandaops/execution-processor/pkg/leaderelection/redis_election.go:171.21,172.10 1 0
github.com/ethpandaops/execution-processor/pkg/leaderelection/redis_election.go:173.21,174.10 1 0
github.com/ethpandaops/execution-processor/pkg/leaderelection/redis_election.go:175.19,176.20 1 0
github.com/ethpandaops/execution-processor/pkg/leaderelection/redis_election.go:176.20,178.32 1 0
github.com/ethpandaops/execution-processor/pkg/leaderelection/redis_election.go:178.32,180.6 1 0
github.com/ethpandaops/execution-processor/pkg/leaderelection/redis_election.go:181.10,183.36 1 0
github.com/ethpandaops/execution-processor/pkg/leaderelection/redis_election.go:183.36,185.6 1 0
github.com/ethpandaops/execution-processor/pkg/leaderelection/redis_election.go:192.71,200.16 3 0
github.com/ethpandaops/execution-processor/pkg/leaderelection/redis_election.go:200.16,206.3 3 0
github.com/ethpandaops/execution-processor/pkg/leaderelection/redis_election.go:208.2,208.8 1 0
github.com/ethpandaops/execution-processor/pkg/leaderelection/redis_election.go:208.8,220.3 8 0
github.com/ethpandaops/execution-processor/pkg/leaderelection/redis_election.go:223.2,229.14 3 0
github.com/ethpandaops/execution-processor/pkg/leaderelection/redis_election.go:233.66,244.16 3 0
github.com/ethpandaops/execution-processor/pkg/leaderelection/redis_election.go:244.16,250.3 3 0
github.com/ethpandaops/execution-processor/pkg/leaderelection/redis_election.go:252.2,253.9 2 0
github.com/ethpandaops/execution-processor/pkg/leaderelection/redis_election.go:253.9,259.3 3 0
github.com/ethpandaops/execution-processor/pkg/leaderelection/redis_election.go:261.2,263.14 2 0
github.com/ethpandaops/execution-processor/pkg/leaderelection/redis_election.go:263.14,267.3 2 0
github.com/ethpandaops/execution-processor/pkg/leaderelection/redis_election.go:269.2,269.16 1 0
github.com/ethpandaops/execution-processor/pkg/leaderelection/redis_election.go:273.69,284.16 3 0
github.com/ethpandaops/execution-processor/pkg/leaderelection/redis_election.go:284.16,286.3 1 0
github.com/ethpandaops/execution-processor/pkg/leaderelection/redis_election.go:288.2,289.9 2 0
github.com/ethpandaops/execution-processor/pkg/leaderelection/redis_election.go:289.9,291.3 1 0
github.com/ethpandaops/execution-processor/pkg/leaderelection/redis_election.go:293.2,293.14 1 0
github.com/ethpandaops/execution-processor/pkg/leaderelection/redis_election.go:293.14,295.3 1 0
github.com/ethpandaops/execution-processor/pkg/leaderelection/redis_election.go:295.8,297.3 1 0
github.com/ethpandaops/execution-processor/pkg/leaderelection/redis_election.go:299.2,303.12 4 0
github.com/ethpandaops/execution-processor/pkg/leaderelection/redis_election.go:307.47,310.9 2 0
github.com/ethpandaops/execution-processor/pkg/leaderelection/redis_election.go:311.32,311.32 0 0
github.com/ethpandaops/execution-processor/pkg/leaderelection/redis_election.go:312.10,313.72 1 0
github.com/ethpandaops/execution-processor/pkg/leaderelection/redis_election.go:318.47,325.15 6 0
github.com/ethpandaops/execution-processor/pkg/leaderelection/redis_election.go:325.15,329.3 3 0
github.com/ethpandaops/execution-processor/pkg/leaderelection/redis_election.go:331.2,333.9 2 0
github.com/ethpandaops/execution-processor/pkg/leaderelection/redis_election.go:334.33,334.33 0 0
github.com/ethpandaops/execution-processor/pkg/leaderelection/redis_election.go:335.10,336.72 1 0
github.com/ethpandaops/execution-processor/pkg/observability/prometheus.go:19.59,20.17 1 0
github.com/ethpandaops/execution-processor/pkg/observability/prometheus.go:20.17,21.35 1 0
github.com/ethpandaops/execution-processor/pkg/observability/prometheus.go:21.35,23.4 1 0
github.com/ethpandaops/execution-processor/pkg/observability/prometheus.go:25.3,34.13 4 0
github.com/ethpandaops/execution-processor/pkg/observability/prometheus.go:34.13,37.96 2 0
github.com/ethpandaops/execution-processor/pkg/observability/prometheus.go:37.96,39.5 1 0
github.com/ethpandaops/execution-processor/pkg/observability/prometheus.go:45.51,46.34 1 0
github.com/ethpandaops/execution-processor/pkg/observability/prometheus.go:46.34,47.61 1 0
github.com/ethpandaops/execution-processor/pkg/observability/prometheus.go:47.61,51.4 2 0
github.com/ethpandaops/execution-processor/pkg/observability/prometheus.go:54.2,54.12 1 0
github.com/ethpandaops/execution-processor/pkg/processor/config.go:56.35,57.21 1 0
github.com/ethpandaops/execution-processor/pkg/processor/config.go:57.21,59.3 1 0
github.com/ethpandaops/execution-processor/pkg/processor/config.go:61.2,61.18 1 0
github.com/ethpandaops/execution-processor/pkg/processor/config.go:61.18,63.3 1 0
github.com/ethpandaops/execution-processor/pkg/processor/config.go:65.2,65.71 1 0
github.com/ethpandaops/execution-processor/pkg/processor/config.go:65.71,67.3 1 0
github.com/ethpandaops/execution-processor/pkg/processor/config.go:69.2,69.24 1 0
github.com/ethpandaops/execution-processor/pkg/processor/config.go:69.24,71.3 1 0
github.com/ethpandaops/execution-processor/pkg/processor/config.go:74.2,74.32 1 0
github.com/ethpandaops/execution-processor/pkg/processor/config.go:74.32,76.3 1 0
github.com/ethpandaops/execution-processor/pkg/processor/config.go:78.2,78.35 1 0
github.com/ethpandaops/execution-processor/pkg/processor/config.go:78.35,80.3 1 0
github.com/ethpandaops/execution-processor/pkg/processor/config.go:84.2,84.101 1 0
github.com/ethpandaops/execution-processor/pkg/processor/config.go:84.101,86.3 1 0
github.com/ethpandaops/execution-processor/pkg/processor/config.go:88.2,88.31 1 0
github.com/ethpandaops/execution-processor/pkg/processor/config.go:88.31,90.3 1 0
github.com/ethpandaops/execution-processor/pkg/processor/config.go:92.2,92.43 1 0
github.com/ethpandaops/execution-processor/pkg/processor/config.go:92.43,94.3 1 0
github.com/ethpandaops/execution-processor/pkg/processor/config.go:97.2,97.62 1 0
github.com/ethpandaops/execution-processor/pkg/processor/config.go:97.62,99.3 1 0
github.com/ethpandaops/execution-processor/pkg/processor/config.go:101.2,101.36 1 0
github.com/ethpandaops/execution-processor/pkg/processor/config.go:101.36,102.39 1 0
github.com/ethpandaops/execution-processor/pkg/processor/config.go:102.39,104.4 1 0
github.com/ethpandaops/execution-processor/pkg/processor/config.go:106.3,106.41 1 0
github.com/ethpandaops/execution-processor/pkg/processor/config.go:106.41,108.4 1 0
github.com/ethpandaops/execution-processor/pkg/processor/config.go:111.2,111.55 1 0
github.com/ethpandaops/execution-processor/pkg/processor/config.go:111.55,113.3 1 0
github.com/ethpandaops/execution-processor/pkg/processor/config.go:115.2,115.12 1 0
github.com/ethpandaops/execution-processor/pkg/processor/manager.go:63.151,104.2 7 0
github.com/ethpandaops/execution-processor/pkg/processor/manager.go:106.52,111.16 3 0
github.com/ethpandaops/execution-processor/pkg/processor/manager.go:111.16,113.3 1 0
github.com/ethpandaops/execution-processor/pkg/processor/manager.go:115.2,115.17 1 0
github.com/ethpandaops/execution-processor/pkg/processor/manager.go:115.17,117.3 1 0
github.com/ethpandaops/execution-processor/pkg/processor/manager.go:119.2,120.16 2 0
github.com/ethpandaops/execution-processor/pkg/processor/manager.go:120.16,122.3 1 0
github.com/ethpandaops/execution-processor/pkg/processor/manager.go:125.2,128.60 2 0
github.com/ethpandaops/execution-processor/pkg/processor/manager.go:128.60,130.3 1 0
github.com/ethpandaops/execution-processor/pkg/processor/manager.go:133.2,133.58 1 0
github.com/ethpandaops/execution-processor/pkg/processor/manager.go:133.58,135.3 1 0
github.com/ethpandaops/execution-processor/pkg/processor/manager.go:138.2,138.37 1 0
github.com/ethpandaops/execution-processor/pkg/processor/manager.go:138.37,140.26 2 0
github.com/ethpandaops/execution-processor/pkg/processor/manager.go:140.26,142.4 1 0
github.com/ethpandaops/execution-processor/pkg/processor/manager.go:144.3,164.17 4 0
github.com/ethpandaops/execution-processor/pkg/processor/manager.go:164.17,166.4 1 0
github.com/ethpandaops/execution-processor/pkg/processor/manager.go:169.3,169.52 1 0
github.com/ethpandaops/execution-processor/pkg/processor/manager.go:169.52,171.4 1 0
github.com/ethpandaops/execution-processor/pkg/processor/manager.go:174.3,176.76 2 0
github.com/ethpandaops/execution-processor/pkg/processor/manager.go:177.8,184.3 3 0
github.com/ethpandaops/execution-processor/pkg/processor/manager.go:187.2,187.26 1 0
github.com/ethpandaops/execution-processor/pkg/processor/manager.go:187.26,189.17 2 0
github.com/ethpandaops/execution-processor/pkg/processor/manager.go:189.17,191.4 1 0
github.com/ethpandaops/execution-processor/pkg/processor/manager.go:193.3,195.13 2 0
github.com/ethpandaops/execution-processor/pkg/processor/manager.go:195.13,198.51 2 0
github.com/ethpandaops/execution-processor/pkg/processor/manager.go:198.51,200.5 1 0
github.com/ethpandaops/execution-processor/pkg/processor/manager.go:203.3,203.63 1 0
github.com/ethpandaops/execution-processor/pkg/processor/manager.go:207.2,212.27 3 0
github.com/ethpandaops/execution-processor/pkg/processor/manager.go:212.27,218.7 4 0
github.com/ethpandaops/execution-processor/pkg/processor/manager.go:218.7,219.11 1 0
github.com/ethpandaops/execution-processor/pkg/processor/manager.go:220.22,221.11 1 0
github.com/ethpandaops/execution-processor/pkg/processor/manager.go:222.20,223.37 1 0
github.com/ethpandaops/execution-processor/pkg/processor/manager.go:227.2,236.12 5 0
github.com/ethpandaops/execution-processor/pkg/processor/manager.go:239.51,242.15 2 0
github.com/ethpandaops/execution-processor/pkg/processor/manager.go:242.15,246.3 2 0
github.com/ethpandaops/execution-processor/pkg/processor/manager.go:248.2,260.45 7 0
github.com/ethpandaops/execution-processor/pkg/processor/manager.go:260.45,261.10 1 0
github.com/ethpandaops/execution-processor/pkg/processor/manager.go:262.29,262.29 0 0
github.com/ethpandaops/execution-processor/pkg/processor/manager.go:264.11,265.29 1 0
github.com/ethpandaops/execution-processor/pkg/processor/manager.go:268.3,268.27 1 0
github.com/ethpandaops/execution-processor/pkg/processor/manager.go:271.2,274.26 2 0
github.com/ethpandaops/execution-processor/pkg/processor/manager.go:274.26,278.3 3 0
github.com/ethpandaops/execution-processor/pkg/processor/manager.go:281.2,281.28 1 0
github.com/ethpandaops/execution-processor/pkg/processor/manager.go:281.28,286.55 3 0
github.com/ethpandaops/execution-processor/pkg/processor/manager.go:286.55,288.4 1 0
github.com/ethpandaops/execution-processor/pkg/processor/manager.go:292.2,292.44 1 0
github.com/ethpandaops/execution-processor/pkg/processor/manager.go:292.44,293.45 1 0
github.com/ethpandaops/execution-processor/pkg/processor/manager.go:293.45,295.4 1 0
github.com/ethpandaops/execution-processor/pkg/processor/manager.go:299.2,299.26 1 0
github.com/ethpandaops/execution-processor/pkg/processor/manager.go:299.26,300.47 1 0
github.com/ethpandaops/execution-processor/pkg/processor/manager.go:300.47,302.4 1 0
github.com/ethpandaops/execution-processor/pkg/processor/manager.go:305.2,305.12 1 0
github.com/ethpandaops/execution-processor/pkg/processor/manager.go:308.67,312.43 2 0
github.com/ethpandaops/execution-processor/pkg/processor/manager.go:312.43,323.17 3 0
github.com/ethpandaops/execution-processor/pkg/processor/manager.go:323.17,325.4 1 0
github.com/ethpandaops/execution-processor/pkg/processor/manager.go:327.3,334.46 4 0
github.com/ethpandaops/execution-processor/pkg/processor/manager.go:334.46,336.4 1 0
github.com/ethpandaops/execution-processor/pkg/processor/manager.go:337.8,339.3 1 0
github.com/ethpandaops/execution-processor/pkg/processor/manager.go:342.2,342.40 1 0
github.com/ethpandaops/execution-processor/pkg/processor/manager.go:342.40,353.17 3 0
github.com/ethpandaops/execution-processor/pkg/processor/manager.go:353.17,355.4 1 0
github.com/ethpandaops/execution-processor/pkg/processor/manager.go:357.3,364.46 4 0
github.com/ethpandaops/execution-processor/pkg/processor/manager.go:364.46,366.4 1 0
github.com/ethpandaops/execution-processor/pkg/processor/manager.go:367.8,369.3 1 0
github.com/ethpandaops/execution-processor/pkg/processor/manager.go:371.2,373.12 2 0
github.com/ethpandaops/execution-processor/pkg/processor/manager.go:376.54,380.72 2 0
github.com/ethpandaops/execution-processor/pkg/processor/manager.go:380.72,387.3 2 0
github.com/ethpandaops/execution-processor/pkg/processor/manager.go:390.2,393.17 3 0
github.com/ethpandaops/execution-processor/pkg/processor/manager.go:393.17,394.88 1 0
github.com/ethpandaops/execution-processor/pkg/processor/manager.go:394.88,396.4 1 0
github.com/ethpandaops/execution-processor/pkg/processor/manager.go:399.2,399.44 1 0
github.com/ethpandaops/execution-processor/pkg/processor/manager.go:399.44,404.57 3 0
github.com/ethpandaops/execution-processor/pkg/processor/manager.go:404.57,406.35 1 0
github.com/ethpandaops/execution-processor/pkg/processor/manager.go:406.35,408.5 1 0
github.com/ethpandaops/execution-processor/pkg/processor/manager.go:408.10,410.5 1 0
github.com/ethpandaops/execution-processor/pkg/processor/manager.go:412.4,412.101 1 0
github.com/ethpandaops/execution-processor/pkg/processor/manager.go:413.9,424.4 4 0
github.com/ethpandaops/execution-processor/pkg/processor/manager.go:427.3,427.55 1 0
github.com/ethpandaops/execution-processor/pkg/processor/manager.go:432.111,434.16 2 0
github.com/ethpandaops/execution-processor/pkg/processor/manager.go:434.16,444.3 3 0
github.com/ethpandaops/execution-processor/pkg/processor/manager.go:447.2,454.42 2 0
github.com/ethpandaops/execution-processor/pkg/processor/manager.go:457.66,461.44 2 0
github.com/ethpandaops/execution-processor/pkg/processor/manager.go:461.44,463.43 2 0
github.com/ethpandaops/execution-processor/pkg/processor/manager.go:463.43,469.4 2 0
github.com/ethpandaops/execution-processor/pkg/processor/manager.go:472.2,472.17 1 0
github.com/ethpandaops/execution-processor/pkg/processor/manager.go:475.58,480.6 3 0
github.com/ethpandaops/execution-processor/pkg/processor/manager.go:480.6,481.10 1 0
github.com/ethpandaops/execution-processor/pkg/processor/manager.go:482.21,485.10 2 0
github.com/ethpandaops/execution-processor/pkg/processor/manager.go:486.41,487.11 1 0
github.com/ethpandaops/execution-processor/pkg/processor/manager.go:487.11,491.5 2 0
github.com/ethpandaops/execution-processor/pkg/processor/manager.go:493.4,495.16 2 0
github.com/ethpandaops/execution-processor/pkg/processor/manager.go:495.16,497.5 1 0
github.com/ethpandaops/execution-processor/pkg/processor/manager.go:497.10,499.5 1 0
github.com/ethpandaops/execution-processor/pkg/processor/manager.go:504.61,515.22 6 0
github.com/ethpandaops/execution-processor/pkg/processor/manager.go:515.22,520.3 1 0
github.com/ethpandaops/execution-processor/pkg/processor/manager.go:523.2,525.12 2 0
github.com/ethpandaops/execution-processor/pkg/processor/manager.go:525.12,528.3 2 0
github.com/ethpandaops/execution-processor/pkg/processor/manager.go:531.42,542.31 6 0
github.com/ethpandaops/execution-processor/pkg/processor/manager.go:542.31,543.10 1 0
github.com/ethpandaops/execution-processor/pkg/processor/manager.go:544.29,544.29 0 0
github.com/ethpandaops/execution-processor/pkg/processor/manager.go:546.11,547.29 1 0
github.com/ethpandaops/execution-processor/pkg/processor/manager.go:550.3,550.27 1 0
github.com/ethpandaops/execution-processor/pkg/processor/manager.go:554.59,555.15 1 0
github.com/ethpandaops/execution-processor/pkg/processor/manager.go:555.15,557.47 1 0
github.com/ethpandaops/execution-processor/pkg/processor/manager.go:557.47,559.4 1 0
github.com/ethpandaops/execution-processor/pkg/processor/manager.go:561.3,561.52 1 0
github.com/ethpandaops/execution-processor/pkg/processor/manager.go:564.2,567.9 2 0
github.com/ethpandaops/execution-processor/pkg/processor/manager.go:568.20,571.9 2 0
github.com/ethpandaops/execution-processor/pkg/processor/manager.go:572.10,573.69 1 0
github.com/ethpandaops/execution-processor/pkg/processor/manager.go:576.2,588.28 6 0
github.com/ethpandaops/execution-processor/pkg/processor/manager.go:588.28,592.3 2 0
github.com/ethpandaops/execution-processor/pkg/processor/manager.go:595.2,595.33 1 0
github.com/ethpandaops/execution-processor/pkg/processor/manager.go:595.33,597.3 1 0
github.com/ethpandaops/execution-processor/pkg/processor/manager.go:600.2,606.6 4 0
github.com/ethpandaops/execution-processor/pkg/processor/manager.go:606.6,607.10 1 0
github.com/ethpandaops/execution-processor/pkg/processor/manager.go:608.21,611.10 2 0
github.com/ethpandaops/execution-processor/pkg/processor/manager.go:612.29,615.10 2 0
github.com/ethpandaops/execution-processor/pkg/processor/manager.go:616.24,618.18 1 0
github.com/ethpandaops/execution-processor/pkg/processor/manager.go:618.18,621.5 2 0
github.com/ethpandaops/execution-processor/pkg/processor/manager.go:621.10,625.5 2 0
github.com/ethpandaops/execution-processor/pkg/processor/manager.go:626.31,629.31 2 0
github.com/ethpandaops/execution-processor/pkg/processor/manager.go:635.54,647.15 4 0
github.com/ethpandaops/execution-processor/pkg/processor/manager.go:647.15,648.43 1 0
github.com/ethpandaops/execution-processor/pkg/processor/manager.go:648.43,650.4 1 0
github.com/ethpandaops/execution-processor/pkg/processor/manager.go:654.2,654.44 1 0
github.com/ethpandaops/execution-processor/pkg/processor/manager.go:654.44,656.10 1 0
github.com/ethpandaops/execution-processor/pkg/processor/manager.go:657.21,660.10 2 0
github.com/ethpandaops/execution-processor/pkg/processor/manager.go:661.11,661.11 0 0
github.com/ethpandaops/execution-processor/pkg/processor/manager.go:664.3,665.32 2 0
github.com/ethpandaops/execution-processor/pkg/processor/manager.go:665.32,667.11 1 0
github.com/ethpandaops/execution-processor/pkg/processor/manager.go:668.22,671.11 2 0
github.com/ethpandaops/execution-processor/pkg/processor/manager.go:672.12,672.12 0 0
github.com/ethpandaops/execution-processor/pkg/processor/manager.go:676.4,678.25 2 0
github.com/ethpandaops/execution-processor/pkg/processor/manager.go:679.25,680.61 1 0
github.com/ethpandaops/execution-processor/pkg/processor/manager.go:681.26,682.62 1 0
github.com/ethpandaops/execution-processor/pkg/processor/manager.go:685.4,685.22 1 0
github.com/ethpandaops/execution-processor/pkg/processor/manager.go:685.22,691.13 2 0
github.com/ethpandaops/execution-processor/pkg/processor/manager.go:695.4,696.18 2 0
github.com/ethpandaops/execution-processor/pkg/processor/manager.go:696.18,704.13 3 0
github.com/ethpandaops/execution-processor/pkg/processor/manager.go:708.4,714.53 4 0
github.com/ethpandaops/execution-processor/pkg/processor/manager.go:714.53,719.5 2 0
github.com/ethpandaops/execution-processor/pkg/processor/manager.go:721.4,724.27 2 0
github.com/ethpandaops/execution-processor/pkg/processor/manager.go:724.27,733.5 1 0
github.com/ethpandaops/execution-processor/pkg/processor/manager.go:739.61,744.20 3 0
github.com/ethpandaops/execution-processor/pkg/processor/manager.go:744.20,748.3 2 0
github.com/ethpandaops/execution-processor/pkg/processor/manager.go:751.2,756.12 4 0
github.com/ethpandaops/execution-processor/pkg/processor/manager.go:756.12,757.16 1 0
github.com/ethpandaops/execution-processor/pkg/processor/manager.go:757.16,759.48 1 0
github.com/ethpandaops/execution-processor/pkg/processor/manager.go:759.48,761.5 1 0
github.com/ethpandaops/execution-processor/pkg/processor/manager.go:764.4,767.27 4 0
github.com/ethpandaops/execution-processor/pkg/processor/manager.go:770.3,770.30 1 0
github.com/ethpandaops/execution-processor/pkg/processor/manager.go:775.41,779.28 3 0
github.com/ethpandaops/execution-processor/pkg/processor/manager.go:779.28,782.3 2 0
github.com/ethpandaops/execution-processor/pkg/processor/manager.go:784.2,784.24 1 0
github.com/ethpandaops/execution-processor/pkg/processor/manager.go:788.45,792.41 2 0
github.com/ethpandaops/execution-processor/pkg/processor/manager.go:792.41,793.47 1 0
github.com/ethpandaops/execution-processor/pkg/processor/manager.go:793.47,797.25 2 0
github.com/ethpandaops/execution-processor/pkg/processor/manager.go:798.25,799.61 1 0
github.com/ethpandaops/execution-processor/pkg/processor/manager.go:800.26,801.62 1 0
github.com/ethpandaops/execution-processor/pkg/processor/manager.go:804.4,804.21 1 0
github.com/ethpandaops/execution-processor/pkg/processor/manager.go:804.21,812.5 2 0
github.com/ethpandaops/execution-processor/pkg/processor/manager.go:812.10,817.5 1 0
github.com/ethpandaops/execution-processor/pkg/processor/manager.go:822.2,822.26 1 0
github.com/ethpandaops/execution-processor/pkg/processor/manager.go:822.26,824.3 1 0
github.com/ethpandaops/execution-processor/pkg/processor/manager.go:827.2,841.12 4 0
github.com/ethpandaops/execution-processor/pkg/processor/manager.go:845.45,846.16 1 0
github.com/ethpandaops/execution-processor/pkg/processor/manager.go:846.16,848.3 1 0
github.com/ethpandaops/execution-processor/pkg/processor/manager.go:850.2,854.40 2 0
github.com/ethpandaops/execution-processor/pkg/processor/manager.go:858.81,869.15 4 0
github.com/ethpandaops/execution-processor/pkg/processor/manager.go:869.15,870.43 1 0
github.com/ethpandaops/execution-processor/pkg/processor/manager.go:870.43,872.4 1 0
github.com/ethpandaops/execution-processor/pkg/processor/manager.go:875.2,878.33 3 0
github.com/ethpandaops/execution-processor/pkg/processor/manager.go:878.33,881.39 2 0
github.com/ethpandaops/execution-processor/pkg/processor/manager.go:881.39,885.4 1 0
github.com/ethpandaops/execution-processor/pkg/processor/manager.go:885.9,889.4 1 0
github.com/ethpandaops/execution-processor/pkg/processor/manager.go:891.3,891.43 1 0
github.com/ethpandaops/execution-processor/pkg/processor/manager.go:891.43,893.18 2 0
github.com/ethpandaops/execution-processor/pkg/processor/manager.go:893.18,899.13 2 0
github.com/ethpandaops/execution-processor/pkg/processor/manager.go:903.4,906.48 2 0
github.com/ethpandaops/execution-processor/pkg/processor/manager.go:906.48,925.5 4 0
github.com/ethpandaops/execution-processor/pkg/processor/manager.go:925.10,925.101 1 0
github.com/ethpandaops/execution-processor/pkg/processor/manager.go:925.101,930.5 1 0
github.com/ethpandaops/execution-processor/pkg/processor/manager.go:934.2,936.16 2 0
github.com/ethpandaops/execution-processor/pkg/processor/manager.go:936.16,940.3 1 0
github.com/ethpandaops/execution-processor/pkg/processor/manager.go:942.2,942.27 1 0
github.com/ethpandaops/execution-processor/pkg/processor/manager.go:946.41,949.39 2 0
github.com/ethpandaops/execution-processor/pkg/processor/manager.go:949.39,951.3 1 0
github.com/ethpandaops/execution-processor/pkg/processor/manager.go:953.2,953.69 1 0
github.com/ethpandaops/execution-processor/pkg/processor/manager.go:957.123,960.13 2 0
github.com/ethpandaops/execution-processor/pkg/processor/manager.go:960.13,962.3 1 0
github.com/ethpandaops/execution-processor/pkg/processor/manager.go:965.2,966.16 2 0
github.com/ethpandaops/execution-processor/pkg/processor/manager.go:966.16,968.3 1 0
github.com/ethpandaops/execution-processor/pkg/processor/manager.go:972.2,973.28 2 0
github.com/ethpandaops/execution-processor/pkg/processor/manager.go:973.28,975.3 1 0
github.com/ethpandaops/execution-processor/pkg/processor/manager.go:977.2,978.16 2 0
github.com/ethpandaops/execution-processor/pkg/processor/manager.go:978.16,980.3 1 0
github.com/ethpandaops/execution-processor/pkg/processor/manager.go:982.2,985.31 2 0
github.com/ethpandaops/execution-processor/pkg/processor/manager.go:986.40,989.17 2 0
github.com/ethpandaops/execution-processor/pkg/processor/manager.go:989.17,991.4 1 0
github.com/ethpandaops/execution-processor/pkg/processor/manager.go:993.37,996.17 2 0
github.com/ethpandaops/execution-processor/pkg/processor/manager.go:996.17,998.4 1 0
github.com/ethpandaops/execution-processor/pkg/processor/manager.go:1000.10,1001.77 1 0
github.com/ethpandaops/execution-processor/pkg/processor/manager.go:1005.2,1005.100 1 0
github.com/ethpandaops/execution-processor/pkg/processor/manager.go:1005.100,1007.3 1 0
github.com/ethpandaops/execution-processor/pkg/processor/manager.go:1009.2,1012.8 1 0
github.com/ethpandaops/execution-processor/pkg/processor/manager.go:1016.129,1029.39 5 0
github.com/ethpandaops/execution-processor/pkg/processor/manager.go:1029.39,1032.3 2 0
github.com/ethpandaops/execution-processor/pkg/processor/manager.go:1032.8,1035.3 2 0
github.com/ethpandaops/execution-processor/pkg/processor/manager.go:1037.2,1037.16 1 0
github.com/ethpandaops/execution-processor/pkg/processor/manager.go:1037.16,1039.3 1 0
github.com/ethpandaops/execution-processor/pkg/processor/manager.go:1041.2,1041.69 1 0
github.com/ethpandaops/execution-processor/pkg/processor/manager.go:1041.69,1043.3 1 0
github.com/ethpandaops/execution-processor/pkg/processor/manager.go:1045.2,1045.15 1 0
github.com/ethpandaops/execution-processor/pkg/processor/manager.go:1055.70,1057.42 1 0
github.com/ethpandaops/execution-processor/pkg/processor/manager.go:1057.42,1060.17 2 0
github.com/ethpandaops/execution-processor/pkg/processor/manager.go:1060.17,1066.12 2 0
github.com/ethpandaops/execution-processor/pkg/processor/manager.go:1070.3,1070.41 1 0
github.com/ethpandaops/execution-processor/pkg/processor/manager.go:1070.41,1079.4 3 0
github.com/ethpandaops/execution-processor/pkg/processor/manager.go:1079.9,1085.4 1 0
github.com/ethpandaops/execution-processor/pkg/processor/manager.go:1090.66,1092.42 1 0
github.com/ethpandaops/execution-processor/pkg/processor/manager.go:1092.42,1095.17 2 0
github.com/ethpandaops/execution-processor/pkg/processor/manager.go:1095.17,1101.12 2 0
github.com/ethpandaops/execution-processor/pkg/processor/manager.go:1105.3,1105.41 1 0
github.com/ethpandaops/execution-processor/pkg/processor/manager.go:1105.41,1108.4 2 0
github.com/ethpandaops/execution-processor/pkg/processor/common/queues.go:6.48,8.2 1 0
github.com/ethpandaops/execution-processor/pkg/processor/common/queues.go:11.56,13.2 1 0
github.com/ethpandaops/execution-processor/pkg/processor/common/queues.go:16.57,18.2 1 0
github.com/ethpandaops/execution-processor/pkg/processor/common/queues.go:21.72,23.18 2 0
github.com/ethpandaops/execution-processor/pkg/processor/common/queues.go:23.18,25.3 1 0
github.com/ethpandaops/execution-processor/pkg/processor/common/queues.go:27.2,27.44 1 0
github.com/ethpandaops/execution-processor/pkg/processor/common/queues.go:31.73,33.18 2 0
github.com/ethpandaops/execution-processor/pkg/processor/common/queues.go:33.18,35.3 1 0
github.com/ethpandaops/execution-processor/pkg/processor/common/queues.go:37.2,37.44 1 0
github.com/ethpandaops/execution-processor/pkg/processor/transaction/simple/block_processing.go:19.65,26.17 4 0
github.com/ethpandaops/execution-processor/pkg/processor/transaction/simple/block_processing.go:26.17,28.3 1 0
github.com/ethpandaops/execution-processor/pkg/processor/transaction/simple/block_processing.go:30.2,31.41 2 0
github.com/ethpandaops/execution-processor/pkg/processor/transaction/simple/block_processing.go:31.41,33.3 1 0
github.com/ethpandaops/execution-processor/pkg/processor/transaction/simple/block_processing.go:36.2,37.16 2 0
github.com/ethpandaops/execution-processor/pkg/processor/transaction/simple/block_processing.go:37.16,38.44 1 0
github.com/ethpandaops/execution-processor/pkg/processor/transaction/simple/block_processing.go:38.44,42.4 2 0
github.com/ethpandaops/execution-processor/pkg/processor/transaction/simple/block_processing.go:44.3,44.57 1 0
github.com/ethpandaops/execution-processor/pkg/processor/transaction/simple/block_processing.go:47.2,47.22 1 0
github.com/ethpandaops/execution-processor/pkg/processor/transaction/simple/block_processing.go:47.22,51.3 2 0
github.com/ethpandaops/execution-processor/pkg/processor/transaction/simple/block_processing.go:53.2,66.16 3 0
github.com/ethpandaops/execution-processor/pkg/processor/transaction/simple/block_processing.go:66.16,68.3 1 0
github.com/ethpandaops/execution-processor/pkg/processor/transaction/simple/block_processing.go:70.2,70.23 1 0
github.com/ethpandaops/execution-processor/pkg/processor/transaction/simple/block_processing.go:70.23,75.3 3 0
github.com/ethpandaops/execution-processor/pkg/processor/transaction/simple/block_processing.go:78.2,79.16 2 0
github.com/ethpandaops/execution-processor/pkg/processor/transaction/simple/block_processing.go:79.16,80.32 1 0
github.com/ethpandaops/execution-processor/pkg/processor/transaction/simple/block_processing.go:80.32,87.4 2 0
github.com/ethpandaops/execution-processor/pkg/processor/transaction/simple/block_processing.go:89.3,89.75 1 0
github.com/ethpandaops/execution-processor/pkg/processor/transaction/simple/block_processing.go:93.2,93.36 1 0
github.com/ethpandaops/execution-processor/pkg/processor/transaction/simple/block_processing.go:93.36,97.3 2 0
github.com/ethpandaops/execution-processor/pkg/processor/transaction/simple/block_processing.go:100.2,111.42 4 0
github.com/ethpandaops/execution-processor/pkg/processor/transaction/simple/block_processing.go:111.42,114.3 2 0
github.com/ethpandaops/execution-processor/pkg/processor/transaction/simple/block_processing.go:114.8,117.3 2 0
github.com/ethpandaops/execution-processor/pkg/processor/transaction/simple/block_processing.go:119.2,119.16 1 0
github.com/ethpandaops/execution-processor/pkg/processor/transaction/simple/block_processing.go:119.16,121.3 1 0
github.com/ethpandaops/execution-processor/pkg/processor/transaction/simple/block_processing.go:123.2,123.69 1 0
github.com/ethpandaops/execution-processor/pkg/processor/transaction/simple/block_processing.go:123.69,125.3 1 0
github.com/ethpandaops/execution-processor/pkg/processor/transaction/simple/block_processing.go:127.2,135.93 3 0
github.com/ethpandaops/execution-processor/pkg/processor/transaction/simple/block_processing.go:139.43,140.16 1 0
github.com/ethpandaops/execution-processor/pkg/processor/transaction/simple/block_processing.go:140.16,142.3 1 0
github.com/ethpandaops/execution-processor/pkg/processor/transaction/simple/block_processing.go:144.2,149.47 2 0
github.com/ethpandaops/execution-processor/pkg/processor/transaction/simple/config.go:17.35,18.16 1 0
github.com/ethpandaops/execution-processor/pkg/processor/transaction/simple/config.go:18.16,20.3 1 0
github.com/ethpandaops/execution-processor/pkg/processor/transaction/simple/config.go:23.2,23.44 1 0
github.com/ethpandaops/execution-processor/pkg/processor/transaction/simple/config.go:23.44,25.3 1 0
github.com/ethpandaops/execution-processor/pkg/processor/transaction/simple/config.go:27.2,27.19 1 0
github.com/ethpandaops/execution-processor/pkg/processor/transaction/simple/config.go:27.19,29.3 1 0
github.com/ethpandaops/execution-processor/pkg/processor/transaction/simple/config.go:31.2,31.12 1 0
github.com/ethpandaops/execution-processor/pkg/processor/transaction/simple/handlers.go:51.64,56.2 1 0
github.com/ethpandaops/execution-processor/pkg/processor/transaction/simple/handlers.go:59.84,62.15 2 0
github.com/ethpandaops/execution-processor/pkg/processor/transaction/simple/handlers.go:62.15,70.3 2 0
github.com/ethpandaops/execution-processor/pkg/processor/transaction/simple/handlers.go:72.2,73.64 2 0
github.com/ethpandaops/execution-processor/pkg/processor/transaction/simple/handlers.go:73.64,83.3 2 0
github.com/ethpandaops/execution-processor/pkg/processor/transaction/simple/handlers.go:85.2,91.17 4 0
github.com/ethpandaops/execution-processor/pkg/processor/transaction/simple/handlers.go:91.17,93.3 1 0
github.com/ethpandaops/execution-processor/pkg/processor/transaction/simple/handlers.go:95.2,96.16 2 0
github.com/ethpandaops/execution-processor/pkg/processor/transaction/simple/handlers.go:96.16,98.3 1 0
github.com/ethpandaops/execution-processor/pkg/processor/transaction/simple/handlers.go:100.2,106.16 4 0
github.com/ethpandaops/execution-processor/pkg/processor/transaction/simple/handlers.go:106.16,108.30 1 0
github.com/ethpandaops/execution-processor/pkg/processor/transaction/simple/handlers.go:108.30,110.4 1 0
github.com/ethpandaops/execution-processor/pkg/processor/transaction/simple/handlers.go:114.2,116.34 2 0
github.com/ethpandaops/execution-processor/pkg/processor/transaction/simple/handlers.go:116.34,120.10 3 0
github.com/ethpandaops/execution-processor/pkg/processor/transaction/simple/handlers.go:120.10,125.25 3 0
github.com/ethpandaops/execution-processor/pkg/processor/transaction/simple/handlers.go:125.25,127.5 1 0
github.com/ethpandaops/execution-processor/pkg/processor/transaction/simple/handlers.go:131.3,132.22 2 0
github.com/ethpandaops/execution-processor/pkg/processor/transaction/simple/handlers.go:132.22,134.4 1 0
github.com/ethpandaops/execution-processor/pkg/processor/transaction/simple/handlers.go:136.3,136.45 1 0
github.com/ethpandaops/execution-processor/pkg/processor/transaction/simple/handlers.go:140.2,140.27 1 0
github.com/ethpandaops/execution-processor/pkg/processor/transaction/simple/handlers.go:140.27,141.77 1 0
github.com/ethpandaops/execution-processor/pkg/processor/transaction/simple/handlers.go:141.77,151.4 2 0
github.com/ethpandaops/execution-processor/pkg/processor/transaction/simple/handlers.go:154.2,167.12 3 0
github.com/ethpandaops/execution-processor/pkg/processor/transaction/simple/handlers.go:176.24,181.43 3 0
github.com/ethpandaops/execution-processor/pkg/processor/transaction/simple/handlers.go:181.43,184.3 1 0
github.com/ethpandaops/execution-processor/pkg/processor/transaction/simple/handlers.go:184.8,186.3 1 0
github.com/ethpandaops/execution-processor/pkg/processor/transaction/simple/handlers.go:188.2,189.16 2 0
github.com/ethpandaops/execution-processor/pkg/processor/transaction/simple/handlers.go:189.16,191.3 1 0
github.com/ethpandaops/execution-processor/pkg/processor/transaction/simple/handlers.go:194.2,196.20 2 0
github.com/ethpandaops/execution-processor/pkg/processor/transaction/simple/handlers.go:196.20,199.3 2 0
github.com/ethpandaops/execution-processor/pkg/processor/transaction/simple/handlers.go:202.2,207.30 4 0
github.com/ethpandaops/execution-processor/pkg/processor/transaction/simple/handlers.go:207.30,208.13 1 0
github.com/ethpandaops/execution-processor/pkg/processor/transaction/simple/handlers.go:208.13,210.4 1 0
github.com/ethpandaops/execution-processor/pkg/processor/transaction/simple/handlers.go:210.9,212.4 1 0
github.com/ethpandaops/execution-processor/pkg/processor/transaction/simple/handlers.go:216.2,221.20 3 0
github.com/ethpandaops/execution-processor/pkg/processor/transaction/simple/handlers.go:221.20,222.28 1 0
github.com/ethpandaops/execution-processor/pkg/processor/transaction/simple/handlers.go:222.28,225.4 2 0
github.com/ethpandaops/execution-processor/pkg/processor/transaction/simple/handlers.go:227.3,227.28 1 0
github.com/ethpandaops/execution-processor/pkg/processor/transaction/simple/handlers.go:227.28,230.4 2 0
github.com/ethpandaops/execution-processor/pkg/processor/transaction/simple/handlers.go:234.2,235.23 2 0
github.com/ethpandaops/execution-processor/pkg/processor/transaction/simple/handlers.go:235.23,237.3 1 0
github.com/ethpandaops/execution-processor/pkg/processor/transaction/simple/handlers.go:240.2,271.35 3 0
github.com/ethpandaops/execution-processor/pkg/processor/transaction/simple/handlers.go:271.35,275.32 3 0
github.com/ethpandaops/execution-processor/pkg/processor/transaction/simple/handlers.go:275.32,278.4 2 0
github.com/ethpandaops/execution-processor/pkg/processor/transaction/simple/handlers.go:281.3,284.35 3 0
github.com/ethpandaops/execution-processor/pkg/processor/transaction/simple/handlers.go:284.35,286.4 1 0
[...]
github.com/ethpandaops/execution-processor/pkg/processor/transaction/structlog/transaction_processing.go:243.57,245.3 1 0
github.com/ethpandaops/execution-processor/pkg/processor/transaction/structlog/transaction_processing.go:247.2,247.22 1 0
github.com/ethpandaops/execution-processor/pkg/processor/transaction/structlog/transaction_processing.go:248.26,252.21 2 0
github.com/ethpandaops/execution-processor/pkg/processor/transaction/structlog/transaction_processing.go:253.36,257.21 2 0
github.com/ethpandaops/execution-processor/pkg/processor/transaction/structlog/transaction_processing.go:258.10,259.13 1 0
github.com/ethpandaops/execution-processor/pkg/processor/transaction/structlog/transaction_processing.go:264.135,267.15 2 0
github.com/ethpandaops/execution-processor/pkg/processor/transaction/structlog/transaction_processing.go:267.15,270.3 2 0
github.com/ethpandaops/execution-processor/pkg/processor/transaction/structlog/transaction_processing.go:273.2,274.17 2 0
github.com/ethpandaops/execution-processor/pkg/processor/transaction/structlog/transaction_processing.go:274.17,276.3 1 0
github.com/ethpandaops/execution-processor/pkg/processor/transaction/structlog/transaction_processing.go:279.2,284.16 4 0
github.com/ethpandaops/execution-processor/pkg/processor/transaction/structlog/transaction_processing.go:284.16,286.3 1 0
github.com/ethpandaops/execution-processor/pkg/processor/transaction/structlog/transaction_processing.go:289.2,293.18 3 0
github.com/ethpandaops/execution-processor/pkg/processor/transaction/structlog/transaction_processing.go:293.18,303.46 4 0
github.com/ethpandaops/execution-processor/pkg/processor/transaction/structlog/transaction_processing.go:303.46,333.4 3 0
github.com/ethpandaops/execution-processor/pkg/processor/transaction/structlog/transaction_processing.go:336.3,336.25 1 0
github.com/ethpandaops/execution-processor/pkg/processor/transaction/structlog/transaction_processing.go:339.2,339.24 1 0
github.com/ethpandaops/execution-processor/pkg/redis/config.go:12.35,13.21 1 0
github.com/ethpandaops/execution-processor/pkg/redis/config.go:13.21,15.3 1 0
github.com/ethpandaops/execution-processor/pkg/redis/config.go:17.2,17.20 1 0
github.com/ethpandaops/execution-processor/pkg/redis/config.go:17.20,19.3 1 0
github.com/ethpandaops/execution-processor/pkg/redis/config.go:21.2,21.12 1 0
github.com/ethpandaops/execution-processor/pkg/redis/config.go:25.47,26.20 1 0
github.com/ethpandaops/execution-processor/pkg/redis/config.go:26.20,28.3 1 0
github.com/ethpandaops/execution-processor/pkg/redis/config.go:30.2,30.44 1 0
github.com/ethpandaops/execution-processor/pkg/redis/config.go:34.51,35.20 1 0
github.com/ethpandaops/execution-processor/pkg/redis/config.go:35.20,37.3 1 0
github.com/ethpandaops/execution-processor/pkg/redis/config.go:39.2,39.46 1 0
github.com/ethpandaops/execution-processor/pkg/redis/server.go:10.49,11.42 1 0
github.com/ethpandaops/execution-processor/pkg/redis/server.go:11.42,13.3 1 0
github.com/ethpandaops/execution-processor/pkg/redis/server.go:15.2,16.16 2 0
github.com/ethpandaops/execution-processor/pkg/redis/server.go:16.16,18.3 1 0
github.com/ethpandaops/execution-processor/pkg/redis/server.go:20.2,20.38 1 0
github.com/ethpandaops/execution-processor/pkg/server/config.go:35.35,36.20 1 0
github.com/ethpandaops/execution-processor/pkg/server/config.go:36.20,38.3 1 0
github.com/ethpandaops/execution-processor/pkg/server/config.go:40.2,40.43 1 0
github.com/ethpandaops/execution-processor/pkg/server/config.go:40.43,42.3 1 0
github.com/ethpandaops/execution-processor/pkg/server/config.go:44.2,44.46 1 0
github.com/ethpandaops/execution-processor/pkg/server/config.go:44.46,46.3 1 0
github.com/ethpandaops/execution-processor/pkg/server/config.go:48.2,48.50 1 0
github.com/ethpandaops/execution-processor/pkg/server/config.go:48.50,50.3 1 0
github.com/ethpandaops/execution-processor/pkg/server/config.go:52.2,52.48 1 0
github.com/ethpandaops/execution-processor/pkg/server/config.go:52.48,54.3 1 0
github.com/ethpandaops/execution-processor/pkg/server/config.go:56.2,56.12 1 0
github.com/ethpandaops/execution-processor/pkg/server/server.go:40.112,41.42 1 0
github.com/ethpandaops/execution-processor/pkg/server/server.go:41.42,43.3 1 0
github.com/ethpandaops/execution-processor/pkg/server/server.go:45.2,46.16 2 0
github.com/ethpandaops/execution-processor/pkg/server/server.go:46.16,48.3 1 0
github.com/ethpandaops/execution-processor/pkg/server/server.go:50.2,53.16 3 0
github.com/ethpandaops/execution-processor/pkg/server/server.go:53.16,55.3 1 0
github.com/ethpandaops/execution-processor/pkg/server/server.go:57.2,58.16 2 0
github.com/ethpandaops/execution-processor/pkg/server/server.go:58.16,60.3 1 0
github.com/ethpandaops/execution-processor/pkg/server/server.go:62.2,70.8 1 0
github.com/ethpandaops/execution-processor/pkg/server/server.go:73.51,88.20 5 0
github.com/ethpandaops/execution-processor/pkg/server/server.go:88.20,89.16 1 0
github.com/ethpandaops/execution-processor/pkg/server/server.go:89.16,90.48 1 0
github.com/ethpandaops/execution-processor/pkg/server/server.go:90.48,92.5 1 0
github.com/ethpandaops/execution-processor/pkg/server/server.go:95.3,98.13 3 0
github.com/ethpandaops/execution-processor/pkg/server/server.go:102.2,102.31 1 0
github.com/ethpandaops/execution-processor/pkg/server/server.go:102.31,103.21 1 0
github.com/ethpandaops/execution-processor/pkg/server/server.go:103.21,104.72 1 0
github.com/ethpandaops/execution-processor/pkg/server/server.go:104.72,106.5 1 0
github.com/ethpandaops/execution-processor/pkg/server/server.go:108.4,110.14 2 0
github.com/ethpandaops/execution-processor/pkg/server/server.go:115.2,115.37 1 0
github.com/ethpandaops/execution-processor/pkg/server/server.go:115.37,116.21 1 0
github.com/ethpandaops/execution-processor/pkg/server/server.go:116.21,117.78 1 0
github.com/ethpandaops/execution-processor/pkg/server/server.go:117.78,119.5 1 0
github.com/ethpandaops/execution-processor/pkg/server/server.go:121.4,123.14 2 0
github.com/ethpandaops/execution-processor/pkg/server/server.go:128.2,128.29 1 0
github.com/ethpandaops/execution-processor/pkg/server/server.go:128.29,129.21 1 0
github.com/ethpandaops/execution-processor/pkg/server/server.go:129.21,130.70 1 0
github.com/ethpandaops/execution-processor/pkg/server/server.go:130.70,132.5 1 0
github.com/ethpandaops/execution-processor/pkg/server/server.go:134.4,136.14 2 0
github.com/ethpandaops/execution-processor/pkg/server/server.go:141.2,141.20 1 0
github.com/ethpandaops/execution-processor/pkg/server/server.go:141.20,146.3 3 0
github.com/ethpandaops/execution-processor/pkg/server/server.go:148.2,148.20 1 0
github.com/ethpandaops/execution-processor/pkg/server/server.go:148.20,149.44 1 0
github.com/ethpandaops/execution-processor/pkg/server/server.go:149.44,153.4 2 0
github.com/ethpandaops/execution-processor/pkg/server/server.go:155.3,157.13 2 0
github.com/ethpandaops/execution-processor/pkg/server/server.go:161.2,161.20 1 0
github.com/ethpandaops/execution-processor/pkg/server/server.go:161.20,163.3 1 0
github.com/ethpandaops/execution-processor/pkg/server/server.go:166.2,166.20 1 0
github.com/ethpandaops/execution-processor/pkg/server/server.go:166.20,173.3 3 0
github.com/ethpandaops/execution-processor/pkg/server/server.go:175.2,175.17 1 0
github.com/ethpandaops/execution-processor/pkg/server/server.go:178.50,185.24 4 0
github.com/ethpandaops/execution-processor/pkg/server/server.go:185.24,188.47 2 0
github.com/ethpandaops/execution-processor/pkg/server/server.go:188.47,190.4 1 0
github.com/ethpandaops/execution-processor/pkg/server/server.go:193.2,193.20 1 0
github.com/ethpandaops/execution-processor/pkg/server/server.go:193.20,196.43 2 0
github.com/ethpandaops/execution-processor/pkg/server/server.go:196.43,198.4 1 0
github.com/ethpandaops/execution-processor/pkg/server/server.go:202.2,202.20 1 0
github.com/ethpandaops/execution-processor/pkg/server/server.go:202.20,205.41 2 0
github.com/ethpandaops/execution-processor/pkg/server/server.go:205.41,207.4 1 0
github.com/ethpandaops/execution-processor/pkg/server/server.go:211.2,211.26 1 0
github.com/ethpandaops/execution-processor/pkg/server/server.go:211.26,212.60 1 0
github.com/ethpandaops/execution-processor/pkg/server/server.go:212.60,214.4 1 0
github.com/ethpandaops/execution-processor/pkg/server/server.go:217.2,217.27 1 0
github.com/ethpandaops/execution-processor/pkg/server/server.go:217.27,218.61 1 0
github.com/ethpandaops/execution-processor/pkg/server/server.go:218.61,220.4 1 0
github.com/ethpandaops/execution-processor/pkg/server/server.go:223.2,223.24 1 0
github.com/ethpandaops/execution-processor/pkg/server/server.go:223.24,224.58 1 0
github.com/ethpandaops/execution-processor/pkg/server/server.go:224.58,226.4 1 0
github.com/ethpandaops/execution-processor/pkg/server/server.go:230.2,230.68 1 0
github.com/ethpandaops/execution-processor/pkg/server/server.go:230.68,232.3 1 0
github.com/ethpandaops/execution-processor/pkg/server/server.go:234.2,236.12 2 0
github.com/ethpandaops/execution-processor/pkg/server/server.go:239.37,248.2 3 0
github.com/ethpandaops/execution-processor/pkg/server/server.go:250.43,258.89 3 0
github.com/ethpandaops/execution-processor/pkg/server/server.go:258.89,260.3 1 0
github.com/ethpandaops/execution-processor/pkg/server/server.go:262.2,262.40 1 0
github.com/ethpandaops/execution-processor/pkg/server/server.go:265.35,279.2 6 0
github.com/ethpandaops/execution-processor/pkg/state/config.go:25.35,27.27 1 0
github.com/ethpandaops/execution-processor/pkg/state/config.go:27.27,29.3 1 0
github.com/ethpandaops/execution-processor/pkg/state/config.go:31.2,31.45 1 0
github.com/ethpandaops/execution-processor/pkg/state/config.go:31.45,33.3 1 0
github.com/ethpandaops/execution-processor/pkg/state/config.go:36.2,36.23 1 0
github.com/ethpandaops/execution-processor/pkg/state/config.go:36.23,37.28 1 0
github.com/ethpandaops/execution-processor/pkg/state/config.go:37.28,39.4 1 0
github.com/ethpandaops/execution-processor/pkg/state/config.go:41.3,41.46 1 0
github.com/ethpandaops/execution-processor/pkg/state/config.go:41.46,43.4 1 0
github.com/ethpandaops/execution-processor/pkg/state/config.go:46.2,46.12 1 0
github.com/ethpandaops/execution-processor/pkg/state/json_number.go:12.54,15.51 2 0
github.com/ethpandaops/execution-processor/pkg/state/json_number.go:15.51,19.3 2 0
github.com/ethpandaops/execution-processor/pkg/state/json_number.go:22.2,23.51 2 0
github.com/ethpandaops/execution-processor/pkg/state/json_number.go:23.51,25.3 1 0
github.com/ethpandaops/execution-processor/pkg/state/json_number.go:28.2,29.16 2 0
github.com/ethpandaops/execution-processor/pkg/state/json_number.go:29.16,31.3 1 0
github.com/ethpandaops/execution-processor/pkg/state/json_number.go:33.2,35.12 2 0
github.com/ethpandaops/execution-processor/pkg/state/json_number.go:39.50,41.2 1 0
github.com/ethpandaops/execution-processor/pkg/state/json_number.go:44.34,46.2 1 0
github.com/ethpandaops/execution-processor/pkg/state/json_number.go:52.52,55.51 2 0
github.com/ethpandaops/execution-processor/pkg/state/json_number.go:55.51,59.3 2 0
github.com/ethpandaops/execution-processor/pkg/state/json_number.go:62.2,63.51 2 0
github.com/ethpandaops/execution-processor/pkg/state/json_number.go:63.51,65.3 1 0
github.com/ethpandaops/execution-processor/pkg/state/json_number.go:68.2,69.16 2 0
github.com/ethpandaops/execution-processor/pkg/state/json_number.go:69.16,71.3 1 0
github.com/ethpandaops/execution-processor/pkg/state/json_number.go:73.2,75.12 2 0
github.com/ethpandaops/execution-processor/pkg/state/json_number.go:79.48,81.2 1 0
github.com/ethpandaops/execution-processor/pkg/state/json_number.go:84.28,86.2 1 0
github.com/ethpandaops/execution-processor/pkg/state/json_number.go:92.55,95.51 2 0
github.com/ethpandaops/execution-processor/pkg/state/json_number.go:95.51,99.3 2 0
github.com/ethpandaops/execution-processor/pkg/state/json_number.go:102.2,103.51 2 0
github.com/ethpandaops/execution-processor/pkg/state/json_number.go:103.51,105.3 1 0
github.com/ethpandaops/execution-processor/pkg/state/json_number.go:108.2,109.16 2 0
github.com/ethpandaops/execution-processor/pkg/state/json_number.go:109.16,111.3 1 0
github.com/ethpandaops/execution-processor/pkg/state/json_number.go:113.2,115.12 2 0
github.com/ethpandaops/execution-processor/pkg/state/json_number.go:119.51,121.2 1 0
github.com/ethpandaops/execution-processor/pkg/state/json_number.go:124.37,126.2 1 0
github.com/ethpandaops/execution-processor/pkg/state/manager.go:43.96,49.16 4 10
github.com/ethpandaops/execution-processor/pkg/state/manager.go:49.16,51.3 1 0
github.com/ethpandaops/execution-processor/pkg/state/manager.go:53.2,61.28 2 10
github.com/ethpandaops/execution-processor/pkg/state/manager.go:61.28,66.17 4 0
github.com/ethpandaops/execution-processor/pkg/state/manager.go:66.17,68.4 1 0
github.com/ethpandaops/execution-processor/pkg/state/manager.go:70.3,71.46 2 0
github.com/ethpandaops/execution-processor/pkg/state/manager.go:74.2,74.21 1 10
github.com/ethpandaops/execution-processor/pkg/state/manager.go:78.46,84.48 3 0
github.com/ethpandaops/execution-processor/pkg/state/manager.go:84.48,86.3 1 0
github.com/ethpandaops/execution-processor/pkg/state/manager.go:89.52,90.48 1 0
github.com/ethpandaops/execution-processor/pkg/state/manager.go:90.48,92.3 1 0
github.com/ethpandaops/execution-processor/pkg/state/manager.go:94.2,94.48 1 0
github.com/ethpandaops/execution-processor/pkg/state/manager.go:94.48,95.49 1 0
github.com/ethpandaops/execution-processor/pkg/state/manager.go:95.49,97.4 1 0
github.com/ethpandaops/execution-processor/pkg/state/manager.go:100.2,100.12 1 0
github.com/ethpandaops/execution-processor/pkg/state/manager.go:103.51,106.55 2 0
github.com/ethpandaops/execution-processor/pkg/state/manager.go:106.55,108.3 1 0
github.com/ethpandaops/execution-processor/pkg/state/manager.go:110.2,110.48 1 0
github.com/ethpandaops/execution-processor/pkg/state/manager.go:110.48,111.56 1 0
github.com/ethpandaops/execution-processor/pkg/state/manager.go:111.56,112.18 1 0
github.com/ethpandaops/execution-processor/pkg/state/manager.go:112.18,114.5 1 0
github.com/ethpandaops/execution-processor/pkg/state/manager.go:114.10,116.5 1 0
github.com/ethpandaops/execution-processor/pkg/state/manager.go:120.2,120.12 1 0
github.com/ethpandaops/execution-processor/pkg/state/manager.go:123.121,131.35 4 0
github.com/ethpandaops/execution-processor/pkg/state/manager.go:131.35,133.3 1 0
github.com/ethpandaops/execution-processor/pkg/state/manager.go:133.8,136.3 1 0
github.com/ethpandaops/execution-processor/pkg/state/manager.go:138.2,138.16 1 0
github.com/ethpandaops/execution-processor/pkg/state/manager.go:138.16,140.3 1 0
github.com/ethpandaops/execution-processor/pkg/state/manager.go:144.2,144.56 1 0
github.com/ethpandaops/execution-processor/pkg/state/manager.go:144.56,146.3 1 0
github.com/ethpandaops/execution-processor/pkg/state/manager.go:149.2,150.16 2 0
github.com/ethpandaops/execution-processor/pkg/state/manager.go:150.16,160.3 2 0
github.com/ethpandaops/execution-processor/pkg/state/manager.go:163.2,166.46 2 0
github.com/ethpandaops/execution-processor/pkg/state/manager.go:166.46,168.26 2 0
github.com/ethpandaops/execution-processor/pkg/state/manager.go:168.26,170.4 1 0
github.com/ethpandaops/execution-processor/pkg/state/manager.go:172.3,182.25 3 0
github.com/ethpandaops/execution-processor/pkg/state/manager.go:186.2,186.42 1 0
github.com/ethpandaops/execution-processor/pkg/state/manager.go:186.42,196.3 2 0
github.com/ethpandaops/execution-processor/pkg/state/manager.go:200.2,200.64 1 0
github.com/ethpandaops/execution-processor/pkg/state/manager.go:200.64,209.3 2 0
github.com/ethpandaops/execution-processor/pkg/state/manager.go:213.2,221.29 2 0
github.com/ethpandaops/execution-processor/pkg/state/manager.go:224.135,243.16 5 0
github.com/ethpandaops/execution-processor/pkg/state/manager.go:243.16,245.3 1 0
github.com/ethpandaops/execution-processor/pkg/state/manager.go:248.2,248.31 1 0
github.com/ethpandaops/execution-processor/pkg/state/manager.go:248.31,254.17 2 0
github.com/ethpandaops/execution-processor/pkg/state/manager.go:254.17,258.4 2 0
github.com/ethpandaops/execution-processor/pkg/state/manager.go:260.3,260.14 1 0
github.com/ethpandaops/execution-processor/pkg/state/manager.go:260.14,262.49 1 0
github.com/ethpandaops/execution-processor/pkg/state/manager.go:262.49,270.5 2 0
github.com/ethpandaops/execution-processor/pkg/state/manager.go:270.10,277.5 2 0
github.com/ethpandaops/execution-processor/pkg/state/manager.go:281.3,286.35 2 0
github.com/ethpandaops/execution-processor/pkg/state/manager.go:289.2,297.30 3 0
github.com/ethpandaops/execution-processor/pkg/state/manager.go:300.138,319.16 5 0
github.com/ethpandaops/execution-processor/pkg/state/manager.go:319.16,321.3 1 0
github.com/ethpandaops/execution-processor/pkg/state/manager.go:324.2,324.31 1 0
github.com/ethpandaops/execution-processor/pkg/state/manager.go:324.31,326.48 1 0
github.com/ethpandaops/execution-processor/pkg/state/manager.go:326.48,334.4 2 0
github.com/ethpandaops/execution-processor/pkg/state/manager.go:334.9,342.4 2 0
github.com/ethpandaops/execution-processor/pkg/state/manager.go:346.2,346.37 1 0
github.com/ethpandaops/execution-processor/pkg/state/manager.go:346.37,354.3 2 0
github.com/ethpandaops/execution-processor/pkg/state/manager.go:356.2,364.23 3 0
github.com/ethpandaops/execution-processor/pkg/state/manager.go:367.93,382.16 5 0
github.com/ethpandaops/execution-processor/pkg/state/manager.go:382.16,384.3 1 0
github.com/ethpandaops/execution-processor/pkg/state/manager.go:387.2,387.31 1 0
github.com/ethpandaops/execution-processor/pkg/state/manager.go:387.31,394.3 2 0
github.com/ethpandaops/execution-processor/pkg/state/manager.go:396.2,402.22 3 0
github.com/ethpandaops/execution-processor/pkg/state/manager.go:405.112,411.16 3 0
github.com/ethpandaops/execution-processor/pkg/state/manager.go:411.16,413.3 1 0
github.com/ethpandaops/execution-processor/pkg/state/manager.go:415.2,421.12 2 0
github.com/ethpandaops/execution-processor/pkg/state/manager.go:424.130,440.16 5 0
github.com/ethpandaops/execution-processor/pkg/state/manager.go:440.16,442.3 1 0
github.com/ethpandaops/execution-processor/pkg/state/manager.go:445.2,445.44 1 0
github.com/ethpandaops/execution-processor/pkg/state/manager.go:445.44,453.3 2 0
github.com/ethpandaops/execution-processor/pkg/state/manager.go:455.2,463.76 2 0
github.com/ethpandaops/execution-processor/pkg/state/manager.go:467.145,490.16 5 0
github.com/ethpandaops/execution-processor/pkg/state/manager.go:490.16,492.3 1 0
github.com/ethpandaops/execution-processor/pkg/state/manager.go:494.2,494.38 1 0
github.com/ethpandaops/execution-processor/pkg/state/manager.go:498.158,501.16 2 0
github.com/ethpandaops/execution-processor/pkg/state/manager.go:501.16,502.38 1 0
github.com/ethpandaops/execution-processor/pkg/state/manager.go:502.38,505.4 1 0
github.com/ethpandaops/execution-processor/pkg/state/manager.go:507.3,507.78 1 0
github.com/ethpandaops/execution-processor/pkg/state/manager.go:510.2,510.25 1 0
github.com/ethpandaops/execution-processor/pkg/state/manager.go:510.25,512.3 1 0
github.com/ethpandaops/execution-processor/pkg/state/manager.go:515.2,515.56 1 0
github.com/ethpandaops/execution-processor/pkg/state/manager.go:515.56,517.27 1 0
github.com/ethpandaops/execution-processor/pkg/state/manager.go:517.27,519.4 1 0
github.com/ethpandaops/execution-processor/pkg/state/manager.go:521.3,534.33 4 0
github.com/ethpandaops/execution-processor/pkg/state/manager.go:538.2,539.16 2 0
github.com/ethpandaops/execution-processor/pkg/state/manager.go:539.16,547.27 2 0
github.com/ethpandaops/execution-processor/pkg/state/manager.go:547.27,549.4 1 0
github.com/ethpandaops/execution-processor/pkg/state/manager.go:551.3,554.33 3 0
github.com/ethpandaops/execution-processor/pkg/state/manager.go:557.2,570.32 4 0
